[2018.08.03 16:10:58] [DEBUG] [SUCCESS] MngServer_InitInfo begin [./src/keymngserverop.c] [28]
[2018.08.03 16:10:58] [DEBUG] [SUCCESS] MngServer_InitInfo end [./src/keymngserverop.c] [49]
[2018.08.03 16:11:02] [DEBUG] [SUCCESS] func MngClient_Agree() begin [./src/keymngclientop.c] [62]
[2018.08.03 16:11:02] [WARNING] [SUCCESS] MngServer_Agree() [./src/keymngserverop.c] [57]
[2018.08.03 16:11:02] [ERROR] [ERRNO is 3003] func MngClient_Agree() sckClient_rev() [./src/keymngclientop.c] [113]
[2018.08.03 16:11:02] [DEBUG] [ERRNO is 3003] func MngClient_Agree() end  [./src/keymngclientop.c] [166]
[2018.08.03 16:14:01] [DEBUG] [SUCCESS] MngServer_InitInfo begin [./src/keymngserverop.c] [28]
[2018.08.03 16:14:01] [DEBUG] [SUCCESS] MngServer_InitInfo end [./src/keymngserverop.c] [49]
[2018.08.03 16:14:06] [DEBUG] [SUCCESS] func MngClient_Agree() begin [./src/keymngclientop.c] [62]
[2018.08.03 16:14:06] [WARNING] [SUCCESS] MngServer_Agree() [./src/keymngserverop.c] [57]
[2018.08.03 16:14:06] [ERROR] [ERRNO is 3003] func MngClient_Agree() sckClient_rev() [./src/keymngclientop.c] [113]
[2018.08.03 16:14:06] [DEBUG] [ERRNO is 3003] func MngClient_Agree() end  [./src/keymngclientop.c] [166]
[2018.08.03 16:20:04] [DEBUG] [SUCCESS] MngServer_InitInfo begin [./src/keymngserverop.c] [28]
[2018.08.03 16:20:04] [DEBUG] [SUCCESS] MngServer_InitInfo end [./src/keymngserverop.c] [49]
[2018.08.03 16:20:08] [DEBUG] [SUCCESS] func MngClient_Agree() begin [./src/keymngclientop.c] [62]
[2018.08.03 16:20:08] [WARNING] [SUCCESS] MngServer_Agree() [./src/keymngserverop.c] [57]
[2018.08.03 16:20:08] [ERROR] [ERRNO is 3003] func MngClient_Agree() sckClient_rev() [./src/keymngclientop.c] [113]
[2018.08.03 16:20:08] [DEBUG] [ERRNO is 3003] func MngClient_Agree() end  [./src/keymngclientop.c] [166]
[2018.08.03 16:22:48] [DEBUG] [SUCCESS] MngServer_InitInfo begin [./src/keymngserverop.c] [28]
[2018.08.03 16:22:48] [DEBUG] [SUCCESS] MngServer_InitInfo end [./src/keymngserverop.c] [49]
[2018.08.03 16:22:51] [DEBUG] [SUCCESS] func MngClient_Agree() begin [./src/keymngclientop.c] [62]
[2018.08.03 16:22:51] [WARNING] [SUCCESS] MngServer_Agree() [./src/keymngserverop.c] [57]
[2018.08.03 16:22:51] [ERROR] [ERRNO is 3003] func MngClient_Agree() sckClient_rev() [./src/keymngclientop.c] [113]
[2018.08.03 16:22:51] [DEBUG] [ERRNO is 3003] func MngClient_Agree() end  [./src/keymngclientop.c] [166]
[2018.08.03 16:23:22] [DEBUG] [SUCCESS] MngServer_InitInfo begin [./src/keymngserverop.c] [28]
[2018.08.03 16:23:22] [DEBUG] [SUCCESS] MngServer_InitInfo end [./src/keymngserverop.c] [49]
[2018.08.03 16:23:24] [DEBUG] [SUCCESS] func MngClient_Agree() begin [./src/keymngclientop.c] [62]
[2018.08.03 16:23:24] [WARNING] [SUCCESS] MngServer_Agree() [./src/keymngserverop.c] [57]
[2018.08.03 16:23:24] [ERROR] [ERRNO is 3003] func MngClient_Agree() sckClient_rev() [./src/keymngclientop.c] [113]
[2018.08.03 16:23:24] [DEBUG] [ERRNO is 3003] func MngClient_Agree() end  [./src/keymngclientop.c] [166]
[2018.08.03 16:23:37] [DEBUG] [SUCCESS] MngServer_InitInfo begin [./src/keymngserverop.c] [28]
[2018.08.03 16:23:37] [DEBUG] [SUCCESS] MngServer_InitInfo end [./src/keymngserverop.c] [49]
[2018.08.03 16:23:38] [DEBUG] [SUCCESS] func MngClient_Agree() begin [./src/keymngclientop.c] [62]
[2018.08.03 16:23:38] [WARNING] [SUCCESS] MngServer_Agree() [./src/keymngserverop.c] [57]
[2018.08.03 16:23:38] [ERROR] [ERRNO is 3003] func MngClient_Agree() sckClient_rev() [./src/keymngclientop.c] [113]
[2018.08.03 16:23:38] [DEBUG] [ERRNO is 3003] func MngClient_Agree() end  [./src/keymngclientop.c] [166]
[2018.08.03 16:24:06] [DEBUG] [SUCCESS] MngServer_InitInfo begin [./src/keymngserverop.c] [28]
[2018.08.03 16:24:06] [DEBUG] [SUCCESS] MngServer_InitInfo end [./src/keymngserverop.c] [49]
[2018.08.03 16:24:07] [DEBUG] [SUCCESS] func MngClient_Agree() begin [./src/keymngclientop.c] [62]
[2018.08.03 16:24:07] [WARNING] [SUCCESS] MngServer_Agree() [./src/keymngserverop.c] [57]
[2018.08.03 16:24:08] [ERROR] [ERRNO is 3003] func MngClient_Agree() sckClient_rev() [./src/keymngclientop.c] [113]
[2018.08.03 16:24:08] [DEBUG] [ERRNO is 3003] func MngClient_Agree() end  [./src/keymngclientop.c] [166]
[2018.08.03 16:24:28] [DEBUG] [SUCCESS] MngServer_InitInfo begin [./src/keymngserverop.c] [28]
[2018.08.03 16:24:28] [DEBUG] [SUCCESS] MngServer_InitInfo end [./src/keymngserverop.c] [49]
[2018.08.03 16:24:30] [DEBUG] [SUCCESS] func MngClient_Agree() begin [./src/keymngclientop.c] [62]
[2018.08.03 16:24:30] [WARNING] [SUCCESS] MngServer_Agree() [./src/keymngserverop.c] [57]
[2018.08.03 16:24:30] [ERROR] [ERRNO is 3003] func MngClient_Agree() sckClient_rev() [./src/keymngclientop.c] [113]
[2018.08.03 16:24:30] [DEBUG] [ERRNO is 3003] func MngClient_Agree() end  [./src/keymngclientop.c] [166]
[2018.08.03 16:24:57] [DEBUG] [SUCCESS] MngServer_InitInfo begin [./src/keymngserverop.c] [28]
[2018.08.03 16:24:57] [DEBUG] [SUCCESS] MngServer_InitInfo end [./src/keymngserverop.c] [49]
[2018.08.03 16:24:58] [DEBUG] [SUCCESS] func MngClient_Agree() begin [./src/keymngclientop.c] [62]
[2018.08.03 16:24:58] [WARNING] [SUCCESS] MngServer_Agree() [./src/keymngserverop.c] [57]
[2018.08.03 16:24:58] [ERROR] [ERRNO is 3003] func MngClient_Agree() sckClient_rev() [./src/keymngclientop.c] [113]
[2018.08.03 16:24:58] [DEBUG] [ERRNO is 3003] func MngClient_Agree() end  [./src/keymngclientop.c] [166]
[2018.08.03 16:24:59] [DEBUG] [SUCCESS] func MngClient_Agree() begin [./src/keymngclientop.c] [62]
[2018.08.03 16:24:59] [ERROR] [ERRNO is -1] func MngClient_Agree() connect() [./src/keymngclientop.c] [86]
[2018.08.03 16:24:59] [DEBUG] [ERRNO is -1] func MngClient_Agree() end  [./src/keymngclientop.c] [166]
[2018.08.03 16:29:36] [DEBUG] [SUCCESS] MngServer_InitInfo begin [./src/keymngserverop.c] [28]
[2018.08.03 16:29:36] [DEBUG] [SUCCESS] MngServer_InitInfo end [./src/keymngserverop.c] [49]
[2018.08.03 16:29:37] [DEBUG] [SUCCESS] func MngClient_Agree() begin [./src/keymngclientop.c] [62]
[2018.08.03 16:29:37] [WARNING] [SUCCESS] MngServer_Agree() [./src/keymngserverop.c] [57]
[2018.08.03 16:29:37] [INFO] [SUCCESS] 插入新的网点信息
 [./src/keymng_shmop.c] [100]
[2018.08.03 16:29:37] [WARNING] [SUCCESS] MngServer_Agree() END [./src/keymngserverop.c] [106]
[2018.08.03 16:29:37] [INFO] [SUCCESS] 插入新的网点信息
 [./src/keymng_shmop.c] [94]
[2018.08.03 16:29:37] [DEBUG] [SUCCESS] func MngClient_Agree() end  [./src/keymngclientop.c] [166]
[2018.08.03 16:29:37] [WARNING] [ERRNO is 3003] sckClient_rev() ClientsckServer_close [./src/keymngserver.c] [47]
[2018.08.03 16:30:14] [DEBUG] [SUCCESS] MngServer_InitInfo begin [./src/keymngserverop.c] [28]
[2018.08.03 16:30:14] [DEBUG] [SUCCESS] MngServer_InitInfo end [./src/keymngserverop.c] [49]
[2018.08.03 16:30:18] [DEBUG] [SUCCESS] func MngClient_Agree() begin [./src/keymngclientop.c] [62]
[2018.08.03 16:30:18] [WARNING] [SUCCESS] MngServer_Agree() [./src/keymngserverop.c] [57]
[2018.08.03 16:30:18] [INFO] [SUCCESS] 插入新的网点信息
 [./src/keymng_shmop.c] [100]
[2018.08.03 16:30:18] [WARNING] [SUCCESS] MngServer_Agree() END [./src/keymngserverop.c] [106]
[2018.08.03 16:30:18] [INFO] [SUCCESS] 插入新的网点信息
 [./src/keymng_shmop.c] [94]
[2018.08.03 16:30:18] [DEBUG] [SUCCESS] func MngClient_Agree() end  [./src/keymngclientop.c] [166]
[2018.08.03 16:30:18] [WARNING] [ERRNO is 3003] sckClient_rev() ClientsckServer_close [./src/keymngserver.c] [47]
[2018.08.03 16:30:27] [DEBUG] [SUCCESS] MngServer_InitInfo begin [./src/keymngserverop.c] [28]
[2018.08.03 16:30:27] [DEBUG] [SUCCESS] MngServer_InitInfo end [./src/keymngserverop.c] [49]
[2018.08.03 16:31:43] [DEBUG] [SUCCESS] MngServer_InitInfo begin [./src/keymngserverop.c] [28]
[2018.08.03 16:31:43] [DEBUG] [SUCCESS] MngServer_InitInfo end [./src/keymngserverop.c] [49]
[2018.08.03 16:31:45] [DEBUG] [SUCCESS] func MngClient_Agree() begin [./src/keymngclientop.c] [62]
[2018.08.03 16:31:45] [WARNING] [SUCCESS] MngServer_Agree() [./src/keymngserverop.c] [57]
[2018.08.03 16:31:45] [INFO] [SUCCESS] 插入新的网点信息
 [./src/keymng_shmop.c] [100]
[2018.08.03 16:31:45] [WARNING] [SUCCESS] MngServer_Agree() END [./src/keymngserverop.c] [105]
[2018.08.03 16:31:45] [INFO] [SUCCESS] 插入新的网点信息
 [./src/keymng_shmop.c] [94]
[2018.08.03 16:31:45] [DEBUG] [SUCCESS] func MngClient_Agree() end  [./src/keymngclientop.c] [166]
[2018.08.03 16:31:45] [WARNING] [ERRNO is 3003] sckClient_rev() ClientsckServer_close [./src/keymngserver.c] [47]
[2018.08.04 09:17:03] [DEBUG] [SUCCESS] MngServer_InitInfo begin [./src/keymngserverop.c] [28]
[2018.08.04 09:17:03] [DEBUG] [SUCCESS] MngServer_InitInfo end [./src/keymngserverop.c] [49]
[2018.08.04 12:36:37] [DEBUG] [SUCCESS] MngServer_InitInfo begin [./src/keymngserverop.c] [28]
[2018.08.04 12:36:37] [DEBUG] [SUCCESS] MngServer_InitInfo end [./src/keymngserverop.c] [49]
[2018.08.04 12:37:35] [DEBUG] [SUCCESS] func MngClient_Agree() begin [./src/keymngclientop.c] [62]
[2018.08.04 12:37:35] [WARNING] [SUCCESS] MngServer_Agree() [./src/keymngserverop.c] [57]
[2018.08.04 12:37:35] [INFO] [SUCCESS] 插入新的网点信息
 [./src/keymng_shmop.c] [100]
[2018.08.04 12:37:35] [WARNING] [SUCCESS] MngServer_Agree() END [./src/keymngserverop.c] [108]
[2018.08.04 12:37:35] [INFO] [SUCCESS] 插入新的网点信息
 [./src/keymng_shmop.c] [100]
[2018.08.04 12:37:35] [DEBUG] [SUCCESS] func MngClient_Agree() end  [./src/keymngclientop.c] [165]
[2018.08.04 12:37:35] [WARNING] [ERRNO is 3003] sckClient_rev() ClientsckServer_close [./src/keymngserver.c] [47]
[2018.08.04 12:40:49] [DEBUG] [SUCCESS] MngServer_InitInfo begin [./src/keymngserverop.c] [28]
[2018.08.04 12:40:49] [DEBUG] [SUCCESS] MngServer_InitInfo end [./src/keymngserverop.c] [49]
[2018.08.04 12:41:13] [DEBUG] [SUCCESS] func MngClient_Agree() begin [./src/keymngclientop.c] [62]
[2018.08.04 12:41:13] [WARNING] [SUCCESS] MngServer_Agree() [./src/keymngserverop.c] [57]
[2018.08.04 12:41:13] [INFO] [SUCCESS] 插入新的网点信息 [./src/keymng_shmop.c] [100]
[2018.08.04 12:41:13] [WARNING] [SUCCESS] MngServer_Agree() END [./src/keymngserverop.c] [108]
[2018.08.04 12:41:13] [INFO] [SUCCESS] 插入新的网点信息 [./src/keymng_shmop.c] [100]
[2018.08.04 12:41:13] [DEBUG] [SUCCESS] func MngClient_Agree() end  [./src/keymngclientop.c] [165]
[2018.08.04 12:41:13] [WARNING] [ERRNO is 3003] sckClient_rev() ClientsckServer_close [./src/keymngserver.c] [47]
[2018.08.04 12:41:16] [ERROR] [ERRNO is -1] func KeyMng_ShmRead() [./src/keymngclientop.c] [200]
[2018.08.04 12:41:16] [DEBUG] [ERRNO is -1] func MngClient_Agree() end  [./src/keymngclientop.c] [282]
[2018.08.04 12:41:32] [ERROR] [ERRNO is -1] func KeyMng_ShmRead() [./src/keymngclientop.c] [200]
[2018.08.04 12:41:32] [DEBUG] [ERRNO is -1] func MngClient_Agree() end  [./src/keymngclientop.c] [282]
[2018.08.04 12:46:26] [DEBUG] [SUCCESS] func MngClient_Agree() begin [./src/keymngclientop.c] [62]
[2018.08.04 12:46:26] [WARNING] [SUCCESS] MngServer_Agree() [./src/keymngserverop.c] [57]
[2018.08.04 12:46:26] [INFO] [SUCCESS] 插入新的网点信息 [./src/keymng_shmop.c] [100]
[2018.08.04 12:46:26] [WARNING] [SUCCESS] MngServer_Agree() END [./src/keymngserverop.c] [108]
[2018.08.04 12:46:26] [INFO] [SUCCESS] 插入新的网点信息 [./src/keymng_shmop.c] [100]
[2018.08.04 12:46:26] [DEBUG] [SUCCESS] func MngClient_Agree() end  [./src/keymngclientop.c] [165]
[2018.08.04 12:46:26] [WARNING] [ERRNO is 3003] sckClient_rev() ClientsckServer_close [./src/keymngserver.c] [47]
[2018.08.04 12:46:32] [ERROR] [ERRNO is -1] func KeyMng_ShmRead() [./src/keymngclientop.c] [200]
[2018.08.04 12:46:32] [DEBUG] [ERRNO is -1] func MngClient_Agree() end  [./src/keymngclientop.c] [282]
[2018.08.04 12:50:40] [DEBUG] [SUCCESS] func MngClient_Agree() begin [./src/keymngclientop.c] [62]
[2018.08.04 12:50:40] [WARNING] [SUCCESS] MngServer_Agree() [./src/keymngserverop.c] [57]
[2018.08.04 12:50:40] [INFO] [SUCCESS] 插入新的网点信息 [./src/keymng_shmop.c] [100]
[2018.08.04 12:50:40] [WARNING] [SUCCESS] MngServer_Agree() END [./src/keymngserverop.c] [108]
[2018.08.04 12:50:40] [INFO] [SUCCESS] 插入新的网点信息 [./src/keymng_shmop.c] [102]
[2018.08.04 12:50:40] [DEBUG] [SUCCESS] func MngClient_Agree() end  [./src/keymngclientop.c] [165]
[2018.08.04 12:50:40] [WARNING] [ERRNO is 3003] sckClient_rev() ClientsckServer_close [./src/keymngserver.c] [47]
[2018.08.04 12:50:44] [ERROR] [ERRNO is -1] func KeyMng_ShmRead() [./src/keymngclientop.c] [200]
[2018.08.04 12:50:44] [DEBUG] [ERRNO is -1] func MngClient_Agree() end  [./src/keymngclientop.c] [282]
[2018.08.04 12:53:23] [DEBUG] [SUCCESS] func MngClient_Agree() begin [./src/keymngclientop.c] [62]
[2018.08.04 12:53:23] [WARNING] [SUCCESS] MngServer_Agree() [./src/keymngserverop.c] [57]
[2018.08.04 12:53:23] [INFO] [SUCCESS] 插入新的网点信息 [./src/keymng_shmop.c] [100]
[2018.08.04 12:53:23] [WARNING] [SUCCESS] MngServer_Agree() END [./src/keymngserverop.c] [108]
[2018.08.04 12:53:23] [INFO] [SUCCESS] 插入新的网点信息 [./src/keymng_shmop.c] [102]
[2018.08.04 12:53:23] [DEBUG] [SUCCESS] func MngClient_Agree() end  [./src/keymngclientop.c] [165]
[2018.08.04 12:53:23] [WARNING] [ERRNO is 3003] sckClient_rev() ClientsckServer_close [./src/keymngserver.c] [47]
[2018.08.04 12:53:26] [ERROR] [ERRNO is -1] func KeyMng_ShmRead() [./src/keymngclientop.c] [200]
[2018.08.04 12:53:26] [DEBUG] [ERRNO is -1] func MngClient_Agree() end  [./src/keymngclientop.c] [282]
[2018.08.04 12:53:34] [DEBUG] [SUCCESS] func MngClient_Agree() begin [./src/keymngclientop.c] [62]
[2018.08.04 12:53:34] [WARNING] [SUCCESS] MngServer_Agree() [./src/keymngserverop.c] [57]
[2018.08.04 12:53:34] [INFO] [SUCCESS] 插入新的网点信息 [./src/keymng_shmop.c] [100]
[2018.08.04 12:53:34] [WARNING] [SUCCESS] MngServer_Agree() END [./src/keymngserverop.c] [108]
[2018.08.04 12:53:34] [INFO] [SUCCESS] 网点密钥已经存在,已重新覆盖密钥信息 [./src/keymng_shmop.c] [90]
[2018.08.04 12:53:34] [DEBUG] [SUCCESS] func MngClient_Agree() end  [./src/keymngclientop.c] [165]
[2018.08.04 12:53:34] [WARNING] [ERRNO is 3003] sckClient_rev() ClientsckServer_close [./src/keymngserver.c] [47]
[2018.08.04 12:53:36] [DEBUG] [SUCCESS] func MngClient_Agree() begin [./src/keymngclientop.c] [62]
[2018.08.04 12:53:36] [WARNING] [SUCCESS] MngServer_Agree() [./src/keymngserverop.c] [57]
[2018.08.04 12:53:36] [INFO] [SUCCESS] 插入新的网点信息 [./src/keymng_shmop.c] [100]
[2018.08.04 12:53:36] [WARNING] [SUCCESS] MngServer_Agree() END [./src/keymngserverop.c] [108]
[2018.08.04 12:53:36] [INFO] [SUCCESS] 网点密钥已经存在,已重新覆盖密钥信息 [./src/keymng_shmop.c] [90]
[2018.08.04 12:53:36] [DEBUG] [SUCCESS] func MngClient_Agree() end  [./src/keymngclientop.c] [165]
[2018.08.04 12:53:36] [WARNING] [ERRNO is 3003] sckClient_rev() ClientsckServer_close [./src/keymngserver.c] [47]
[2018.08.04 12:53:37] [DEBUG] [SUCCESS] func MngClient_Agree() begin [./src/keymngclientop.c] [62]
[2018.08.04 12:53:37] [WARNING] [SUCCESS] MngServer_Agree() [./src/keymngserverop.c] [57]
[2018.08.04 12:53:37] [INFO] [SUCCESS] 插入新的网点信息 [./src/keymng_shmop.c] [100]
[2018.08.04 12:53:37] [WARNING] [SUCCESS] MngServer_Agree() END [./src/keymngserverop.c] [108]
[2018.08.04 12:53:37] [INFO] [SUCCESS] 网点密钥已经存在,已重新覆盖密钥信息 [./src/keymng_shmop.c] [90]
[2018.08.04 12:53:37] [DEBUG] [SUCCESS] func MngClient_Agree() end  [./src/keymngclientop.c] [165]
[2018.08.04 12:53:37] [WARNING] [ERRNO is 3003] sckClient_rev() ClientsckServer_close [./src/keymngserver.c] [47]
[2018.08.04 12:58:17] [DEBUG] [SUCCESS] func MngClient_Agree() begin [./src/keymngclientop.c] [62]
[2018.08.04 12:58:17] [WARNING] [SUCCESS] MngServer_Agree() [./src/keymngserverop.c] [57]
[2018.08.04 12:58:17] [INFO] [SUCCESS] 插入新的网点信息 [./src/keymng_shmop.c] [100]
[2018.08.04 12:58:17] [WARNING] [SUCCESS] MngServer_Agree() END [./src/keymngserverop.c] [108]
[2018.08.04 12:58:17] [INFO] [SUCCESS] 网点密钥已经存在,已重新覆盖密钥信息 [./src/keymng_shmop.c] [90]
[2018.08.04 12:58:17] [DEBUG] [SUCCESS] func MngClient_Agree() end  [./src/keymngclientop.c] [165]
[2018.08.04 12:58:17] [WARNING] [ERRNO is 3003] sckClient_rev() ClientsckServer_close [./src/keymngserver.c] [47]
[2018.08.04 14:00:20] [DEBUG] [SUCCESS] MngServer_InitInfo begin [./src/keymngserverop.c] [28]
[2018.08.04 14:00:20] [DEBUG] [SUCCESS] MngServer_InitInfo end [./src/keymngserverop.c] [49]
[2018.08.04 14:01:48] [DEBUG] [SUCCESS] func MngClient_Agree() begin [./src/keymngclientop.c] [62]
[2018.08.04 14:01:48] [WARNING] [SUCCESS] MngServer_Agree() [./src/keymngserverop.c] [57]
[2018.08.04 14:01:48] [INFO] [SUCCESS] 插入新的网点信息 [./src/keymng_shmop.c] [102]
[2018.08.04 14:01:48] [WARNING] [SUCCESS] MngServer_Agree() END [./src/keymngserverop.c] [108]
[2018.08.04 14:01:48] [INFO] [SUCCESS] 插入新的网点信息 [./src/keymng_shmop.c] [102]
[2018.08.04 14:01:48] [DEBUG] [SUCCESS] func MngClient_Agree() end  [./src/keymngclientop.c] [165]
[2018.08.04 14:01:48] [WARNING] [ERRNO is 3003] sckClient_rev() ClientsckServer_close [./src/keymngserver.c] [47]
[2018.08.04 14:01:51] [ERROR] [ERRNO is -1] func KeyMng_ShmRead() [./src/keymngclientop.c] [200]
[2018.08.04 14:01:51] [DEBUG] [ERRNO is -1] func MngClient_Agree() end  [./src/keymngclientop.c] [282]
[2018.08.04 14:04:04] [ERROR] [ERRNO is -1] func KeyMng_ShmRead() [./src/keymngclientop.c] [200]
[2018.08.04 14:04:04] [DEBUG] [ERRNO is -1] func MngClient_Agree() end  [./src/keymngclientop.c] [282]
[2018.08.04 14:04:07] [DEBUG] [SUCCESS] func MngClient_Agree() begin [./src/keymngclientop.c] [62]
[2018.08.04 14:04:07] [WARNING] [SUCCESS] MngServer_Agree() [./src/keymngserverop.c] [57]
[2018.08.04 14:04:08] [ERROR] [ERRNO is 3003] func MngClient_Agree() sckClient_rev() [./src/keymngclientop.c] [112]
[2018.08.04 14:04:08] [DEBUG] [ERRNO is 3003] func MngClient_Agree() end  [./src/keymngclientop.c] [165]
[2018.08.04 14:04:19] [DEBUG] [SUCCESS] MngServer_InitInfo begin [./src/keymngserverop.c] [28]
[2018.08.04 14:04:19] [DEBUG] [SUCCESS] MngServer_InitInfo end [./src/keymngserverop.c] [49]
[2018.08.04 14:04:21] [DEBUG] [SUCCESS] func MngClient_Agree() begin [./src/keymngclientop.c] [62]
[2018.08.04 14:04:21] [WARNING] [SUCCESS] MngServer_Agree() [./src/keymngserverop.c] [57]
[2018.08.04 14:04:21] [ERROR] [ERRNO is 3003] func MngClient_Agree() sckClient_rev() [./src/keymngclientop.c] [112]
[2018.08.04 14:04:21] [DEBUG] [ERRNO is 3003] func MngClient_Agree() end  [./src/keymngclientop.c] [165]
[2018.08.04 14:04:52] [DEBUG] [SUCCESS] MngServer_InitInfo begin [./src/keymngserverop.c] [28]
[2018.08.04 14:04:52] [DEBUG] [SUCCESS] MngServer_InitInfo end [./src/keymngserverop.c] [49]
[2018.08.04 14:04:55] [DEBUG] [SUCCESS] func MngClient_Agree() begin [./src/keymngclientop.c] [62]
[2018.08.04 14:04:55] [WARNING] [SUCCESS] MngServer_Agree() [./src/keymngserverop.c] [57]
[2018.08.04 14:04:55] [ERROR] [ERRNO is 3003] func MngClient_Agree() sckClient_rev() [./src/keymngclientop.c] [112]
[2018.08.04 14:04:55] [DEBUG] [ERRNO is 3003] func MngClient_Agree() end  [./src/keymngclientop.c] [165]
[2018.08.04 14:05:04] [DEBUG] [SUCCESS] MngServer_InitInfo begin [./src/keymngserverop.c] [28]
[2018.08.04 14:05:04] [DEBUG] [SUCCESS] MngServer_InitInfo end [./src/keymngserverop.c] [49]
[2018.08.04 14:05:11] [DEBUG] [SUCCESS] func MngClient_Agree() begin [./src/keymngclientop.c] [62]
[2018.08.04 14:05:11] [WARNING] [SUCCESS] MngServer_Agree() [./src/keymngserverop.c] [57]
[2018.08.04 14:05:11] [ERROR] [ERRNO is 3003] func MngClient_Agree() sckClient_rev() [./src/keymngclientop.c] [112]
[2018.08.04 14:05:11] [DEBUG] [ERRNO is 3003] func MngClient_Agree() end  [./src/keymngclientop.c] [165]
[2018.08.04 14:06:14] [DEBUG] [SUCCESS] MngServer_InitInfo begin [./src/keymngserverop.c] [28]
[2018.08.04 14:06:14] [DEBUG] [SUCCESS] MngServer_InitInfo end [./src/keymngserverop.c] [49]
[2018.08.04 14:06:16] [ERROR] [ERRNO is -1] func KeyMng_ShmRead() [./src/keymngclientop.c] [200]
[2018.08.04 14:06:16] [DEBUG] [ERRNO is -1] func MngClient_Agree() end  [./src/keymngclientop.c] [282]
[2018.08.04 14:06:19] [DEBUG] [SUCCESS] func MngClient_Agree() begin [./src/keymngclientop.c] [62]
[2018.08.04 14:06:19] [WARNING] [SUCCESS] MngServer_Agree() [./src/keymngserverop.c] [57]
[2018.08.04 14:06:19] [ERROR] [ERRNO is 3003] func MngClient_Agree() sckClient_rev() [./src/keymngclientop.c] [112]
[2018.08.04 14:06:19] [DEBUG] [ERRNO is 3003] func MngClient_Agree() end  [./src/keymngclientop.c] [165]
[2018.08.04 14:07:34] [DEBUG] [SUCCESS] MngServer_InitInfo begin [./src/keymngserverop.c] [28]
[2018.08.04 14:07:34] [DEBUG] [SUCCESS] MngServer_InitInfo end [./src/keymngserverop.c] [49]
[2018.08.04 14:07:36] [DEBUG] [SUCCESS] func MngClient_Agree() begin [./src/keymngclientop.c] [62]
[2018.08.04 14:07:36] [WARNING] [SUCCESS] MngServer_Agree() [./src/keymngserverop.c] [57]
[2018.08.04 14:07:36] [WARNING] [SUCCESS] MngServer_Agree() END [./src/keymngserverop.c] [110]
[2018.08.04 14:07:36] [INFO] [SUCCESS] 网点密钥已经存在,已重新覆盖密钥信息 [./src/keymng_shmop.c] [90]
[2018.08.04 14:07:36] [DEBUG] [SUCCESS] func MngClient_Agree() end  [./src/keymngclientop.c] [165]
[2018.08.04 14:07:36] [WARNING] [ERRNO is 3003] sckClient_rev() ClientsckServer_close [./src/keymngserver.c] [47]
[2018.08.04 14:07:44] [DEBUG] [SUCCESS] func MngClient_Agree() begin [./src/keymngclientop.c] [62]
[2018.08.04 14:07:44] [WARNING] [SUCCESS] MngServer_Agree() [./src/keymngserverop.c] [57]
[2018.08.04 14:07:44] [WARNING] [SUCCESS] MngServer_Agree() END [./src/keymngserverop.c] [110]
[2018.08.04 14:07:44] [INFO] [SUCCESS] 网点密钥已经存在,已重新覆盖密钥信息 [./src/keymng_shmop.c] [90]
[2018.08.04 14:07:44] [DEBUG] [SUCCESS] func MngClient_Agree() end  [./src/keymngclientop.c] [165]
[2018.08.04 14:07:44] [WARNING] [ERRNO is 3003] sckClient_rev() ClientsckServer_close [./src/keymngserver.c] [47]
[2018.08.04 14:08:44] [DEBUG] [SUCCESS] MngServer_InitInfo begin [./src/keymngserverop.c] [28]
[2018.08.04 14:08:44] [DEBUG] [SUCCESS] MngServer_InitInfo end [./src/keymngserverop.c] [49]
[2018.08.04 14:08:50] [DEBUG] [SUCCESS] MngServer_InitInfo begin [./src/keymngserverop.c] [28]
[2018.08.04 14:08:50] [DEBUG] [SUCCESS] MngServer_InitInfo end [./src/keymngserverop.c] [49]
[2018.08.04 14:08:54] [DEBUG] [SUCCESS] func MngClient_Agree() begin [./src/keymngclientop.c] [62]
[2018.08.04 14:08:54] [WARNING] [SUCCESS] MngServer_Agree() [./src/keymngserverop.c] [57]
[2018.08.04 14:08:57] [ERROR] [ERRNO is 3002] func MngClient_Agree() sc kClient_rev() Sck_ErrTimeOut [./src/keymngclientop.c] [107]
[2018.08.04 14:08:57] [DEBUG] [ERRNO is 3002] func MngClient_Agree() end  [./src/keymngclientop.c] [165]
[2018.08.04 14:09:13] [DEBUG] [SUCCESS] func MngClient_Agree() begin [./src/keymngclientop.c] [62]
[2018.08.04 14:09:13] [ERROR] [ERRNO is -1] func MngClient_Agree() connect() [./src/keymngclientop.c] [85]
[2018.08.04 14:09:13] [DEBUG] [ERRNO is -1] func MngClient_Agree() end  [./src/keymngclientop.c] [165]
[2018.08.04 14:10:12] [DEBUG] [SUCCESS] MngServer_InitInfo begin [./src/keymngserverop.c] [28]
[2018.08.04 14:10:12] [DEBUG] [SUCCESS] MngServer_InitInfo end [./src/keymngserverop.c] [49]
[2018.08.04 14:10:16] [DEBUG] [SUCCESS] func MngClient_Agree() begin [./src/keymngclientop.c] [62]
[2018.08.04 14:10:16] [WARNING] [SUCCESS] MngServer_Agree() [./src/keymngserverop.c] [57]
[2018.08.04 14:10:16] [ERROR] [ERRNO is 3003] func MngClient_Agree() sckClient_rev() [./src/keymngclientop.c] [112]
[2018.08.04 14:10:16] [DEBUG] [ERRNO is 3003] func MngClient_Agree() end  [./src/keymngclientop.c] [165]
[2018.08.04 14:11:31] [DEBUG] [SUCCESS] MngServer_InitInfo begin [./src/keymngserverop.c] [28]
[2018.08.04 14:11:31] [DEBUG] [SUCCESS] MngServer_InitInfo end [./src/keymngserverop.c] [49]
[2018.08.04 14:11:45] [DEBUG] [SUCCESS] func MngClient_Agree() begin [./src/keymngclientop.c] [62]
[2018.08.04 14:11:45] [WARNING] [SUCCESS] MngServer_Agree() [./src/keymngserverop.c] [57]
[2018.08.04 14:11:45] [ERROR] [ERRNO is 3003] func MngClient_Agree() sckClient_rev() [./src/keymngclientop.c] [112]
[2018.08.04 14:11:45] [DEBUG] [ERRNO is 3003] func MngClient_Agree() end  [./src/keymngclientop.c] [165]
[2018.08.04 14:12:42] [DEBUG] [SUCCESS] MngServer_InitInfo begin [./src/keymngserverop.c] [28]
[2018.08.04 14:12:42] [DEBUG] [SUCCESS] MngServer_InitInfo end [./src/keymngserverop.c] [49]
[2018.08.04 14:12:45] [DEBUG] [SUCCESS] func MngClient_Agree() begin [./src/keymngclientop.c] [62]
[2018.08.04 14:12:45] [WARNING] [SUCCESS] MngServer_Agree() [./src/keymngserverop.c] [57]
[2018.08.04 14:12:45] [ERROR] [ERRNO is 3003] func MngClient_Agree() sckClient_rev() [./src/keymngclientop.c] [112]
[2018.08.04 14:12:45] [DEBUG] [ERRNO is 3003] func MngClient_Agree() end  [./src/keymngclientop.c] [165]
[2018.08.04 14:13:41] [DEBUG] [SUCCESS] func MngClient_Agree() begin [./src/keymngclientop.c] [62]
[2018.08.04 14:13:41] [ERROR] [ERRNO is -1] func MngClient_Agree() connect() [./src/keymngclientop.c] [85]
[2018.08.04 14:13:41] [DEBUG] [ERRNO is -1] func MngClient_Agree() end  [./src/keymngclientop.c] [165]
[2018.08.04 14:13:50] [DEBUG] [SUCCESS] MngServer_InitInfo begin [./src/keymngserverop.c] [28]
[2018.08.04 14:13:50] [DEBUG] [SUCCESS] MngServer_InitInfo end [./src/keymngserverop.c] [49]
[2018.08.04 14:14:06] [DEBUG] [SUCCESS] MngServer_InitInfo begin [./src/keymngserverop.c] [28]
[2018.08.04 14:14:06] [DEBUG] [SUCCESS] MngServer_InitInfo end [./src/keymngserverop.c] [49]
[2018.08.04 14:14:11] [DEBUG] [SUCCESS] func MngClient_Agree() begin [./src/keymngclientop.c] [62]
[2018.08.04 14:14:11] [WARNING] [SUCCESS] MngServer_Agree() [./src/keymngserverop.c] [57]
[2018.08.04 14:14:11] [ERROR] [ERRNO is 3003] func MngClient_Agree() sckClient_rev() [./src/keymngclientop.c] [112]
[2018.08.04 14:14:11] [DEBUG] [ERRNO is 3003] func MngClient_Agree() end  [./src/keymngclientop.c] [165]
[2018.08.04 14:14:27] [DEBUG] [SUCCESS] MngServer_InitInfo begin [./src/keymngserverop.c] [28]
[2018.08.04 14:14:27] [DEBUG] [SUCCESS] MngServer_InitInfo end [./src/keymngserverop.c] [49]
[2018.08.04 14:14:29] [DEBUG] [SUCCESS] func MngClient_Agree() begin [./src/keymngclientop.c] [62]
[2018.08.04 14:14:29] [WARNING] [SUCCESS] MngServer_Agree() [./src/keymngserverop.c] [57]
[2018.08.04 14:14:29] [ERROR] [ERRNO is 3003] func MngClient_Agree() sckClient_rev() [./src/keymngclientop.c] [112]
[2018.08.04 14:14:29] [DEBUG] [ERRNO is 3003] func MngClient_Agree() end  [./src/keymngclientop.c] [165]
[2018.08.04 14:15:33] [DEBUG] [SUCCESS] MngServer_InitInfo begin [./src/keymngserverop.c] [28]
[2018.08.04 14:15:33] [DEBUG] [SUCCESS] MngServer_InitInfo end [./src/keymngserverop.c] [49]
[2018.08.04 14:15:35] [DEBUG] [SUCCESS] func MngClient_Agree() begin [./src/keymngclientop.c] [62]
[2018.08.04 14:15:35] [WARNING] [SUCCESS] MngServer_Agree() [./src/keymngserverop.c] [57]
[2018.08.04 14:15:35] [ERROR] [ERRNO is 3003] func MngClient_Agree() sckClient_rev() [./src/keymngclientop.c] [112]
[2018.08.04 14:15:35] [DEBUG] [ERRNO is 3003] func MngClient_Agree() end  [./src/keymngclientop.c] [165]
[2018.08.04 14:16:11] [DEBUG] [SUCCESS] MngServer_InitInfo begin [./src/keymngserverop.c] [28]
[2018.08.04 14:16:11] [DEBUG] [SUCCESS] MngServer_InitInfo end [./src/keymngserverop.c] [49]
[2018.08.04 14:16:14] [DEBUG] [SUCCESS] func MngClient_Agree() begin [./src/keymngclientop.c] [62]
[2018.08.04 14:16:14] [WARNING] [SUCCESS] MngServer_Agree() [./src/keymngserverop.c] [57]
[2018.08.04 14:16:14] [INFO] [SUCCESS] 插入新的网点信息 [./src/keymng_shmop.c] [102]
[2018.08.04 14:16:14] [WARNING] [SUCCESS] MngServer_Agree() END [./src/keymngserverop.c] [111]
[2018.08.04 14:16:14] [INFO] [SUCCESS] 网点密钥已经存在,已重新覆盖密钥信息 [./src/keymng_shmop.c] [89]
[2018.08.04 14:16:14] [DEBUG] [SUCCESS] func MngClient_Agree() end  [./src/keymngclientop.c] [165]
[2018.08.04 14:16:14] [WARNING] [ERRNO is 3003] sckClient_rev() ClientsckServer_close [./src/keymngserver.c] [47]
[2018.08.04 14:16:18] [ERROR] [ERRNO is -1] func KeyMng_ShmRead() [./src/keymngclientop.c] [200]
[2018.08.04 14:16:18] [DEBUG] [ERRNO is -1] func MngClient_Agree() end  [./src/keymngclientop.c] [282]
[2018.08.04 14:16:22] [DEBUG] [SUCCESS] func MngClient_Agree() begin [./src/keymngclientop.c] [62]
[2018.08.04 14:16:22] [WARNING] [SUCCESS] MngServer_Agree() [./src/keymngserverop.c] [57]
[2018.08.04 14:16:22] [INFO] [SUCCESS] 插入新的网点信息 [./src/keymng_shmop.c] [102]
[2018.08.04 14:16:22] [WARNING] [SUCCESS] MngServer_Agree() END [./src/keymngserverop.c] [111]
[2018.08.04 14:16:22] [INFO] [SUCCESS] 网点密钥已经存在,已重新覆盖密钥信息 [./src/keymng_shmop.c] [89]
[2018.08.04 14:16:22] [DEBUG] [SUCCESS] func MngClient_Agree() end  [./src/keymngclientop.c] [165]
[2018.08.04 14:16:22] [WARNING] [ERRNO is 3003] sckClient_rev() ClientsckServer_close [./src/keymngserver.c] [47]
[2018.08.04 14:16:28] [DEBUG] [SUCCESS] func MngClient_Agree() begin [./src/keymngclientop.c] [62]
[2018.08.04 14:16:28] [WARNING] [SUCCESS] MngServer_Agree() [./src/keymngserverop.c] [57]
[2018.08.04 14:16:28] [INFO] [SUCCESS] 插入新的网点信息 [./src/keymng_shmop.c] [102]
[2018.08.04 14:16:28] [WARNING] [SUCCESS] MngServer_Agree() END [./src/keymngserverop.c] [111]
[2018.08.04 14:16:28] [INFO] [SUCCESS] 网点密钥已经存在,已重新覆盖密钥信息 [./src/keymng_shmop.c] [89]
[2018.08.04 14:16:28] [DEBUG] [SUCCESS] func MngClient_Agree() end  [./src/keymngclientop.c] [165]
[2018.08.04 14:16:28] [WARNING] [ERRNO is 3003] sckClient_rev() ClientsckServer_close [./src/keymngserver.c] [47]
[2018.08.04 14:16:35] [DEBUG] [SUCCESS] func MngClient_Agree() begin [./src/keymngclientop.c] [62]
[2018.08.04 14:16:35] [WARNING] [SUCCESS] MngServer_Agree() [./src/keymngserverop.c] [57]
[2018.08.04 14:16:35] [INFO] [SUCCESS] 插入新的网点信息 [./src/keymng_shmop.c] [102]
[2018.08.04 14:16:35] [WARNING] [SUCCESS] MngServer_Agree() END [./src/keymngserverop.c] [111]
[2018.08.04 14:16:35] [INFO] [SUCCESS] 网点密钥已经存在,已重新覆盖密钥信息 [./src/keymng_shmop.c] [89]
[2018.08.04 14:16:35] [DEBUG] [SUCCESS] func MngClient_Agree() end  [./src/keymngclientop.c] [165]
[2018.08.04 14:16:35] [WARNING] [ERRNO is 3003] sckClient_rev() ClientsckServer_close [./src/keymngserver.c] [47]
[2018.08.04 14:17:09] [DEBUG] [SUCCESS] MngServer_InitInfo begin [./src/keymngserverop.c] [28]
[2018.08.04 14:17:09] [DEBUG] [SUCCESS] MngServer_InitInfo end [./src/keymngserverop.c] [49]
[2018.08.04 14:17:12] [DEBUG] [SUCCESS] func MngClient_Agree() begin [./src/keymngclientop.c] [62]
[2018.08.04 14:17:12] [WARNING] [SUCCESS] MngServer_Agree() [./src/keymngserverop.c] [57]
[2018.08.04 14:17:12] [INFO] [SUCCESS] 插入新的网点信息 [./src/keymng_shmop.c] [102]
[2018.08.04 14:17:12] [WARNING] [SUCCESS] MngServer_Agree() END [./src/keymngserverop.c] [111]
[2018.08.04 14:17:12] [INFO] [SUCCESS] 网点密钥已经存在,已重新覆盖密钥信息 [./src/keymng_shmop.c] [89]
[2018.08.04 14:17:12] [DEBUG] [SUCCESS] func MngClient_Agree() end  [./src/keymngclientop.c] [165]
[2018.08.04 14:17:12] [WARNING] [ERRNO is 3003] sckClient_rev() ClientsckServer_close [./src/keymngserver.c] [47]
[2018.08.04 14:20:07] [DEBUG] [SUCCESS] MngServer_InitInfo begin [./src/keymngserverop.c] [28]
[2018.08.04 14:20:07] [DEBUG] [SUCCESS] MngServer_InitInfo end [./src/keymngserverop.c] [49]
[2018.08.04 14:20:14] [DEBUG] [SUCCESS] func MngClient_Agree() begin [./src/keymngclientop.c] [62]
[2018.08.04 14:20:14] [WARNING] [SUCCESS] MngServer_Agree() [./src/keymngserverop.c] [57]
[2018.08.04 14:20:14] [INFO] [SUCCESS] 网点密钥已经存在,已重新覆盖密钥信息 [./src/keymng_shmop.c] [89]
[2018.08.04 14:20:14] [WARNING] [SUCCESS] MngServer_Agree() END [./src/keymngserverop.c] [111]
[2018.08.04 14:20:14] [INFO] [SUCCESS] 网点密钥已经存在,已重新覆盖密钥信息 [./src/keymng_shmop.c] [89]
[2018.08.04 14:20:14] [DEBUG] [SUCCESS] func MngClient_Agree() end  [./src/keymngclientop.c] [165]
[2018.08.04 14:20:14] [WARNING] [ERRNO is 3003] sckClient_rev() ClientsckServer_close [./src/keymngserver.c] [47]
[2018.08.04 14:20:27] [ERROR] [ERRNO is -1] func KeyMng_ShmRead() [./src/keymngclientop.c] [200]
[2018.08.04 14:20:27] [DEBUG] [ERRNO is -1] func MngClient_Agree() end  [./src/keymngclientop.c] [282]
[2018.08.04 14:20:51] [DEBUG] [SUCCESS] func MngClient_Agree() begin [./src/keymngclientop.c] [62]
[2018.08.04 14:20:51] [WARNING] [SUCCESS] MngServer_Agree() [./src/keymngserverop.c] [57]
[2018.08.04 14:20:51] [INFO] [SUCCESS] 网点密钥已经存在,已重新覆盖密钥信息 [./src/keymng_shmop.c] [89]
[2018.08.04 14:20:51] [WARNING] [SUCCESS] MngServer_Agree() END [./src/keymngserverop.c] [111]
[2018.08.04 14:20:51] [INFO] [SUCCESS] 网点密钥已经存在,已重新覆盖密钥信息 [./src/keymng_shmop.c] [89]
[2018.08.04 14:20:51] [DEBUG] [SUCCESS] func MngClient_Agree() end  [./src/keymngclientop.c] [165]
[2018.08.04 14:20:51] [WARNING] [ERRNO is 3003] sckClient_rev() ClientsckServer_close [./src/keymngserver.c] [47]
[2018.08.04 14:20:55] [DEBUG] [SUCCESS] func MngClient_Agree() begin [./src/keymngclientop.c] [62]
[2018.08.04 14:20:55] [WARNING] [SUCCESS] MngServer_Agree() [./src/keymngserverop.c] [57]
[2018.08.04 14:20:55] [INFO] [SUCCESS] 网点密钥已经存在,已重新覆盖密钥信息 [./src/keymng_shmop.c] [89]
[2018.08.04 14:20:55] [WARNING] [SUCCESS] MngServer_Agree() END [./src/keymngserverop.c] [111]
[2018.08.04 14:20:55] [INFO] [SUCCESS] 网点密钥已经存在,已重新覆盖密钥信息 [./src/keymng_shmop.c] [89]
[2018.08.04 14:20:55] [DEBUG] [SUCCESS] func MngClient_Agree() end  [./src/keymngclientop.c] [165]
[2018.08.04 14:20:55] [WARNING] [ERRNO is 3003] sckClient_rev() ClientsckServer_close [./src/keymngserver.c] [47]
[2018.08.04 14:20:57] [ERROR] [ERRNO is -1] func KeyMng_ShmRead() [./src/keymngclientop.c] [200]
[2018.08.04 14:20:57] [DEBUG] [ERRNO is -1] func MngClient_Agree() end  [./src/keymngclientop.c] [282]
[2018.08.04 14:20:59] [ERROR] [ERRNO is -1] func KeyMng_ShmRead() [./src/keymngclientop.c] [200]
[2018.08.04 14:20:59] [DEBUG] [ERRNO is -1] func MngClient_Agree() end  [./src/keymngclientop.c] [282]
[2018.08.04 14:21:55] [DEBUG] [SUCCESS] MngServer_InitInfo begin [./src/keymngserverop.c] [28]
[2018.08.04 14:21:55] [DEBUG] [SUCCESS] MngServer_InitInfo end [./src/keymngserverop.c] [49]
[2018.08.04 14:21:56] [DEBUG] [SUCCESS] func MngClient_Agree() begin [./src/keymngclientop.c] [62]
[2018.08.04 14:21:56] [WARNING] [SUCCESS] MngServer_Agree() [./src/keymngserverop.c] [57]
[2018.08.04 14:21:56] [INFO] [SUCCESS] 网点密钥已经存在,已重新覆盖密钥信息 [./src/keymng_shmop.c] [89]
[2018.08.04 14:21:56] [WARNING] [SUCCESS] MngServer_Agree() END [./src/keymngserverop.c] [111]
[2018.08.04 14:21:56] [INFO] [SUCCESS] 网点密钥已经存在,已重新覆盖密钥信息 [./src/keymng_shmop.c] [89]
[2018.08.04 14:21:56] [DEBUG] [SUCCESS] func MngClient_Agree() end  [./src/keymngclientop.c] [165]
[2018.08.04 14:21:56] [WARNING] [ERRNO is 3003] sckClient_rev() ClientsckServer_close [./src/keymngserver.c] [47]
[2018.08.04 14:22:01] [ERROR] [ERRNO is -1] func KeyMng_ShmRead() [./src/keymngclientop.c] [200]
[2018.08.04 14:22:01] [DEBUG] [ERRNO is -1] func MngClient_Agree() end  [./src/keymngclientop.c] [282]
[2018.08.04 14:22:05] [ERROR] [ERRNO is -1] func KeyMng_ShmRead() [./src/keymngclientop.c] [200]
[2018.08.04 14:22:05] [DEBUG] [ERRNO is -1] func MngClient_Agree() end  [./src/keymngclientop.c] [282]
[2018.08.04 14:22:06] [ERROR] [ERRNO is -1] func KeyMng_ShmRead() [./src/keymngclientop.c] [200]
[2018.08.04 14:22:06] [DEBUG] [ERRNO is -1] func MngClient_Agree() end  [./src/keymngclientop.c] [282]
[2018.08.04 14:26:20] [ERROR] [ERRNO is -1] func KeyMng_ShmRead() [./src/keymngclientop.c] [200]
[2018.08.04 14:26:20] [DEBUG] [ERRNO is -1] func MngClient_Agree() end  [./src/keymngclientop.c] [282]
[2018.08.04 14:26:22] [DEBUG] [SUCCESS] func MngClient_Agree() begin [./src/keymngclientop.c] [62]
[2018.08.04 14:26:22] [WARNING] [SUCCESS] MngServer_Agree() [./src/keymngserverop.c] [57]
[2018.08.04 14:26:22] [INFO] [SUCCESS] 网点密钥已经存在,已重新覆盖密钥信息 [./src/keymng_shmop.c] [89]
[2018.08.04 14:26:22] [WARNING] [SUCCESS] MngServer_Agree() END [./src/keymngserverop.c] [111]
[2018.08.04 14:26:22] [INFO] [SUCCESS] 网点密钥已经存在,已重新覆盖密钥信息 [./src/keymng_shmop.c] [89]
[2018.08.04 14:26:22] [DEBUG] [SUCCESS] func MngClient_Agree() end  [./src/keymngclientop.c] [165]
[2018.08.04 14:26:22] [WARNING] [ERRNO is 3003] sckClient_rev() ClientsckServer_close [./src/keymngserver.c] [47]
[2018.08.04 14:41:28] [DEBUG] [SUCCESS] func MngClient_Agree() begin [./src/keymngclientop.c] [62]
[2018.08.04 14:41:28] [WARNING] [SUCCESS] MngServer_Agree() [./src/keymngserverop.c] [57]
[2018.08.04 14:41:28] [INFO] [SUCCESS] 网点密钥已经存在,已重新覆盖密钥信息 [./src/keymng_shmop.c] [89]
[2018.08.04 14:41:28] [WARNING] [SUCCESS] MngServer_Agree() END [./src/keymngserverop.c] [111]
[2018.08.04 14:41:28] [INFO] [SUCCESS] 网点密钥已经存在,已重新覆盖密钥信息 [./src/keymng_shmop.c] [89]
[2018.08.04 14:41:28] [DEBUG] [SUCCESS] func MngClient_Agree() end  [./src/keymngclientop.c] [165]
[2018.08.04 14:41:28] [WARNING] [ERRNO is 3003] sckClient_rev() ClientsckServer_close [./src/keymngserver.c] [47]
[2018.08.04 14:41:31] [ERROR] [ERRNO is -1] func KeyMng_ShmRead() [./src/keymngclientop.c] [200]
[2018.08.04 14:41:31] [DEBUG] [ERRNO is -1] func MngClient_Agree() end  [./src/keymngclientop.c] [282]
[2018.08.04 14:43:22] [DEBUG] [SUCCESS] func MngClient_Agree() begin [./src/keymngclientop.c] [62]
[2018.08.04 14:43:22] [WARNING] [SUCCESS] MngServer_Agree() [./src/keymngserverop.c] [57]
[2018.08.04 14:43:22] [INFO] [SUCCESS] 网点密钥已经存在,已重新覆盖密钥信息 [./src/keymng_shmop.c] [89]
[2018.08.04 14:43:22] [WARNING] [SUCCESS] MngServer_Agree() END [./src/keymngserverop.c] [111]
[2018.08.04 14:43:22] [INFO] [SUCCESS] 网点密钥已经存在,已重新覆盖密钥信息 [./src/keymng_shmop.c] [89]
[2018.08.04 14:43:22] [DEBUG] [SUCCESS] func MngClient_Agree() end  [./src/keymngclientop.c] [165]
[2018.08.04 14:43:22] [WARNING] [ERRNO is 3003] sckClient_rev() ClientsckServer_close [./src/keymngserver.c] [47]
[2018.08.04 14:43:23] [ERROR] [ERRNO is -1] func KeyMng_ShmRead() [./src/keymngclientop.c] [200]
[2018.08.04 14:43:23] [DEBUG] [ERRNO is -1] func MngClient_Agree() end  [./src/keymngclientop.c] [282]
[2018.08.04 14:45:18] [DEBUG] [SUCCESS] func MngClient_Agree() begin [./src/keymngclientop.c] [62]
[2018.08.04 14:45:18] [WARNING] [SUCCESS] MngServer_Agree() [./src/keymngserverop.c] [57]
[2018.08.04 14:45:18] [INFO] [SUCCESS] 网点密钥已经存在,已重新覆盖密钥信息 [./src/keymng_shmop.c] [89]
[2018.08.04 14:45:18] [WARNING] [SUCCESS] MngServer_Agree() END [./src/keymngserverop.c] [111]
[2018.08.04 14:45:18] [INFO] [SUCCESS] 网点密钥已经存在,已重新覆盖密钥信息 [./src/keymng_shmop.c] [89]
[2018.08.04 14:45:18] [DEBUG] [SUCCESS] func MngClient_Agree() end  [./src/keymngclientop.c] [165]
[2018.08.04 14:45:18] [WARNING] [ERRNO is 3003] sckClient_rev() ClientsckServer_close [./src/keymngserver.c] [47]
[2018.08.04 14:45:19] [ERROR] [SUCCESS] func MngClient_Agree() MsgDecode() DecodeError [./src/keymngclientop.c] [270]
[2018.08.04 14:45:19] [DEBUG] [SUCCESS] func MngClient_Agree() end  [./src/keymngclientop.c] [282]
[2018.08.04 14:45:19] [WARNING] [ERRNO is 3003] sckClient_rev() ClientsckServer_close [./src/keymngserver.c] [47]
[2018.08.04 14:47:16] [DEBUG] [SUCCESS] func MngClient_Agree() begin [./src/keymngclientop.c] [62]
[2018.08.04 14:47:16] [WARNING] [SUCCESS] MngServer_Agree() [./src/keymngserverop.c] [57]
[2018.08.04 14:47:16] [INFO] [SUCCESS] 网点密钥已经存在,已重新覆盖密钥信息 [./src/keymng_shmop.c] [89]
[2018.08.04 14:47:16] [WARNING] [SUCCESS] MngServer_Agree() END [./src/keymngserverop.c] [111]
[2018.08.04 14:47:16] [INFO] [SUCCESS] 网点密钥已经存在,已重新覆盖密钥信息 [./src/keymng_shmop.c] [89]
[2018.08.04 14:47:16] [DEBUG] [SUCCESS] func MngClient_Agree() end  [./src/keymngclientop.c] [165]
[2018.08.04 14:47:16] [WARNING] [ERRNO is 3003] sckClient_rev() ClientsckServer_close [./src/keymngserver.c] [47]
[2018.08.04 14:47:19] [ERROR] [SUCCESS] func MngClient_Agree() MsgDecode() DecodeError [./src/keymngclientop.c] [270]
[2018.08.04 14:47:19] [DEBUG] [SUCCESS] func MngClient_Agree() end  [./src/keymngclientop.c] [282]
[2018.08.04 14:47:19] [WARNING] [ERRNO is 3003] sckClient_rev() ClientsckServer_close [./src/keymngserver.c] [47]
[2018.08.04 14:52:46] [DEBUG] [SUCCESS] MngServer_InitInfo begin [./src/keymngserverop.c] [28]
[2018.08.04 14:52:46] [DEBUG] [SUCCESS] MngServer_InitInfo end [./src/keymngserverop.c] [49]
[2018.08.04 14:52:47] [DEBUG] [SUCCESS] func MngClient_Agree() begin [./src/keymngclientop.c] [62]
[2018.08.04 14:52:47] [WARNING] [SUCCESS] MngServer_Agree() [./src/keymngserverop.c] [57]
[2018.08.04 14:52:47] [INFO] [SUCCESS] 网点密钥已经存在,已重新覆盖密钥信息 [./src/keymng_shmop.c] [89]
[2018.08.04 14:52:47] [WARNING] [SUCCESS] MngServer_Agree() END [./src/keymngserverop.c] [111]
[2018.08.04 14:52:47] [INFO] [SUCCESS] 网点密钥已经存在,已重新覆盖密钥信息 [./src/keymng_shmop.c] [89]
[2018.08.04 14:52:47] [DEBUG] [SUCCESS] func MngClient_Agree() end  [./src/keymngclientop.c] [165]
[2018.08.04 14:52:47] [WARNING] [ERRNO is 3003] sckClient_rev() ClientsckServer_close [./src/keymngserver.c] [47]
[2018.08.04 14:52:53] [ERROR] [SUCCESS] func MngClient_Agree() MsgDecode() DecodeError [./src/keymngclientop.c] [267]
[2018.08.04 14:52:53] [DEBUG] [SUCCESS] func MngClient_Agree() end  [./src/keymngclientop.c] [279]
[2018.08.04 14:52:53] [WARNING] [ERRNO is 3003] sckClient_rev() ClientsckServer_close [./src/keymngserver.c] [47]
[2018.08.04 14:55:53] [DEBUG] [SUCCESS] func MngClient_Agree() begin [./src/keymngclientop.c] [62]
[2018.08.04 14:55:53] [ERROR] [ERRNO is -1] func MngClient_Agree() connect() [./src/keymngclientop.c] [85]
[2018.08.04 14:55:53] [DEBUG] [ERRNO is -1] func MngClient_Agree() end  [./src/keymngclientop.c] [165]
[2018.08.04 14:55:59] [DEBUG] [SUCCESS] MngServer_InitInfo begin [./src/keymngserverop.c] [28]
[2018.08.04 14:55:59] [DEBUG] [SUCCESS] MngServer_InitInfo end [./src/keymngserverop.c] [49]
[2018.08.04 14:56:00] [DEBUG] [SUCCESS] func MngClient_Agree() begin [./src/keymngclientop.c] [62]
[2018.08.04 14:56:00] [WARNING] [SUCCESS] MngServer_Agree() [./src/keymngserverop.c] [57]
[2018.08.04 14:56:00] [INFO] [SUCCESS] 网点密钥已经存在,已重新覆盖密钥信息 [./src/keymng_shmop.c] [89]
[2018.08.04 14:56:00] [WARNING] [SUCCESS] MngServer_Agree() END [./src/keymngserverop.c] [111]
[2018.08.04 14:56:00] [INFO] [SUCCESS] 网点密钥已经存在,已重新覆盖密钥信息 [./src/keymng_shmop.c] [89]
[2018.08.04 14:56:00] [DEBUG] [SUCCESS] func MngClient_Agree() end  [./src/keymngclientop.c] [165]
[2018.08.04 14:56:00] [WARNING] [ERRNO is 3003] sckClient_rev() ClientsckServer_close [./src/keymngserver.c] [47]
[2018.08.04 14:56:05] [ERROR] [SUCCESS] func MngClient_Agree() MsgDecode() DecodeError [./src/keymngclientop.c] [267]
[2018.08.04 14:56:05] [DEBUG] [SUCCESS] func MngClient_Agree() end  [./src/keymngclientop.c] [279]
[2018.08.04 14:56:05] [WARNING] [ERRNO is 3003] sckClient_rev() ClientsckServer_close [./src/keymngserver.c] [47]
[2018.08.04 14:56:11] [DEBUG] [SUCCESS] func MngClient_Agree() begin [./src/keymngclientop.c] [62]
[2018.08.04 14:56:11] [WARNING] [SUCCESS] MngServer_Agree() [./src/keymngserverop.c] [57]
[2018.08.04 14:56:11] [INFO] [SUCCESS] 网点密钥已经存在,已重新覆盖密钥信息 [./src/keymng_shmop.c] [89]
[2018.08.04 14:56:11] [WARNING] [SUCCESS] MngServer_Agree() END [./src/keymngserverop.c] [111]
[2018.08.04 14:56:11] [INFO] [SUCCESS] 网点密钥已经存在,已重新覆盖密钥信息 [./src/keymng_shmop.c] [89]
[2018.08.04 14:56:11] [DEBUG] [SUCCESS] func MngClient_Agree() end  [./src/keymngclientop.c] [165]
[2018.08.04 14:56:11] [WARNING] [ERRNO is 3003] sckClient_rev() ClientsckServer_close [./src/keymngserver.c] [47]
[2018.08.04 14:56:12] [ERROR] [SUCCESS] func MngClient_Agree() MsgDecode() DecodeError [./src/keymngclientop.c] [267]
[2018.08.04 14:56:12] [DEBUG] [SUCCESS] func MngClient_Agree() end  [./src/keymngclientop.c] [279]
[2018.08.04 14:56:12] [WARNING] [ERRNO is 3003] sckClient_rev() ClientsckServer_close [./src/keymngserver.c] [47]
[2018.08.04 15:01:45] [DEBUG] [SUCCESS] func MngClient_Agree() begin [./src/keymngclientop.c] [62]
[2018.08.04 15:01:45] [WARNING] [SUCCESS] MngServer_Agree() [./src/keymngserverop.c] [57]
[2018.08.04 15:01:45] [INFO] [SUCCESS] 网点密钥已经存在,已重新覆盖密钥信息 [./src/keymng_shmop.c] [89]
[2018.08.04 15:01:45] [WARNING] [SUCCESS] MngServer_Agree() END [./src/keymngserverop.c] [111]
[2018.08.04 15:01:45] [INFO] [SUCCESS] 网点密钥已经存在,已重新覆盖密钥信息 [./src/keymng_shmop.c] [89]
[2018.08.04 15:01:45] [DEBUG] [SUCCESS] func MngClient_Agree() end  [./src/keymngclientop.c] [165]
[2018.08.04 15:01:45] [WARNING] [ERRNO is 3003] sckClient_rev() ClientsckServer_close [./src/keymngserver.c] [47]
[2018.08.04 15:01:47] [ERROR] [SUCCESS] func MngClient_Agree() MsgDecode() DecodeError [./src/keymngclientop.c] [267]
[2018.08.04 15:01:47] [DEBUG] [SUCCESS] func MngClient_Agree() end  [./src/keymngclientop.c] [279]
[2018.08.04 15:01:47] [WARNING] [ERRNO is 3003] sckClient_rev() ClientsckServer_close [./src/keymngserver.c] [47]
[2018.08.04 15:01:53] [ERROR] [SUCCESS] func MngClient_Agree() MsgDecode() DecodeError [./src/keymngclientop.c] [267]
[2018.08.04 15:01:53] [DEBUG] [SUCCESS] func MngClient_Agree() end  [./src/keymngclientop.c] [279]
[2018.08.04 15:01:53] [WARNING] [ERRNO is 3003] sckClient_rev() ClientsckServer_close [./src/keymngserver.c] [47]
[2018.08.04 15:01:58] [DEBUG] [SUCCESS] MngServer_InitInfo begin [./src/keymngserverop.c] [28]
[2018.08.04 15:01:58] [DEBUG] [SUCCESS] MngServer_InitInfo end [./src/keymngserverop.c] [49]
[2018.08.04 15:02:01] [DEBUG] [SUCCESS] func MngClient_Agree() begin [./src/keymngclientop.c] [62]
[2018.08.04 15:02:01] [WARNING] [SUCCESS] MngServer_Agree() [./src/keymngserverop.c] [57]
[2018.08.04 15:02:01] [INFO] [SUCCESS] 网点密钥已经存在,已重新覆盖密钥信息 [./src/keymng_shmop.c] [89]
[2018.08.04 15:02:01] [WARNING] [SUCCESS] MngServer_Agree() END [./src/keymngserverop.c] [111]
[2018.08.04 15:02:01] [INFO] [SUCCESS] 网点密钥已经存在,已重新覆盖密钥信息 [./src/keymng_shmop.c] [89]
[2018.08.04 15:02:01] [DEBUG] [SUCCESS] func MngClient_Agree() end  [./src/keymngclientop.c] [165]
[2018.08.04 15:02:01] [WARNING] [ERRNO is 3003] sckClient_rev() ClientsckServer_close [./src/keymngserver.c] [47]
[2018.08.04 15:03:58] [DEBUG] [SUCCESS] func MngClient_Agree() begin [./src/keymngclientop.c] [62]
[2018.08.04 15:03:58] [WARNING] [SUCCESS] MngServer_Agree() [./src/keymngserverop.c] [57]
[2018.08.04 15:03:58] [INFO] [SUCCESS] 网点密钥已经存在,已重新覆盖密钥信息 [./src/keymng_shmop.c] [89]
[2018.08.04 15:03:58] [WARNING] [SUCCESS] MngServer_Agree() END [./src/keymngserverop.c] [111]
[2018.08.04 15:03:58] [INFO] [SUCCESS] 网点密钥已经存在,已重新覆盖密钥信息 [./src/keymng_shmop.c] [89]
[2018.08.04 15:03:58] [DEBUG] [SUCCESS] func MngClient_Agree() end  [./src/keymngclientop.c] [165]
[2018.08.04 15:03:58] [WARNING] [ERRNO is 3003] sckClient_rev() ClientsckServer_close [./src/keymngserver.c] [47]
[2018.08.04 15:04:01] [ERROR] [SUCCESS] func MngClient_Agree() MsgDecode() DecodeError [./src/keymngclientop.c] [267]
[2018.08.04 15:04:01] [DEBUG] [SUCCESS] func MngClient_Agree() end  [./src/keymngclientop.c] [279]
[2018.08.04 15:04:01] [WARNING] [ERRNO is 3003] sckClient_rev() ClientsckServer_close [./src/keymngserver.c] [47]
[2018.08.04 15:04:29] [ERROR] [SUCCESS] func MngClient_Agree() MsgDecode() DecodeError [./src/keymngclientop.c] [267]
[2018.08.04 15:04:29] [DEBUG] [SUCCESS] func MngClient_Agree() end  [./src/keymngclientop.c] [279]
[2018.08.04 15:04:29] [WARNING] [ERRNO is 3003] sckClient_rev() ClientsckServer_close [./src/keymngserver.c] [47]
[2018.08.04 15:04:38] [ERROR] [SUCCESS] func MngClient_Agree() MsgDecode() DecodeError [./src/keymngclientop.c] [267]
[2018.08.04 15:04:38] [DEBUG] [SUCCESS] func MngClient_Agree() end  [./src/keymngclientop.c] [279]
[2018.08.04 15:04:38] [WARNING] [ERRNO is 3003] sckClient_rev() ClientsckServer_close [./src/keymngserver.c] [47]
[2018.08.04 15:04:46] [DEBUG] [SUCCESS] func MngClient_Agree() begin [./src/keymngclientop.c] [62]
[2018.08.04 15:04:46] [WARNING] [SUCCESS] MngServer_Agree() [./src/keymngserverop.c] [57]
[2018.08.04 15:04:46] [INFO] [SUCCESS] 网点密钥已经存在,已重新覆盖密钥信息 [./src/keymng_shmop.c] [89]
[2018.08.04 15:04:46] [WARNING] [SUCCESS] MngServer_Agree() END [./src/keymngserverop.c] [111]
[2018.08.04 15:04:46] [INFO] [SUCCESS] 网点密钥已经存在,已重新覆盖密钥信息 [./src/keymng_shmop.c] [89]
[2018.08.04 15:04:46] [DEBUG] [SUCCESS] func MngClient_Agree() end  [./src/keymngclientop.c] [165]
[2018.08.04 15:04:46] [WARNING] [ERRNO is 3003] sckClient_rev() ClientsckServer_close [./src/keymngserver.c] [47]
[2018.08.04 15:04:49] [ERROR] [SUCCESS] func MngClient_Agree() MsgDecode() DecodeError [./src/keymngclientop.c] [267]
[2018.08.04 15:04:49] [DEBUG] [SUCCESS] func MngClient_Agree() end  [./src/keymngclientop.c] [279]
[2018.08.04 15:04:49] [WARNING] [ERRNO is 3003] sckClient_rev() ClientsckServer_close [./src/keymngserver.c] [47]
[2018.08.04 15:13:27] [DEBUG] [SUCCESS] MngServer_InitInfo begin [./src/keymngserverop.c] [28]
[2018.08.04 15:13:27] [DEBUG] [SUCCESS] MngServer_InitInfo end [./src/keymngserverop.c] [49]
[2018.08.04 15:13:42] [DEBUG] [SUCCESS] func MngClient_Agree() begin [./src/keymngclientop.c] [62]
[2018.08.04 15:13:42] [WARNING] [SUCCESS] MngServer_Agree() [./src/keymngserverop.c] [57]
[2018.08.04 15:13:42] [INFO] [SUCCESS] 网点密钥已经存在,已重新覆盖密钥信息 [./src/keymng_shmop.c] [89]
[2018.08.04 15:13:42] [WARNING] [SUCCESS] MngServer_Agree() END [./src/keymngserverop.c] [111]
[2018.08.04 15:13:42] [INFO] [SUCCESS] 网点密钥已经存在,已重新覆盖密钥信息 [./src/keymng_shmop.c] [89]
[2018.08.04 15:13:42] [DEBUG] [SUCCESS] func MngClient_Agree() end  [./src/keymngclientop.c] [165]
[2018.08.04 15:13:42] [WARNING] [ERRNO is 3003] sckClient_rev() ClientsckServer_close [./src/keymngserver.c] [47]
[2018.08.04 15:13:44] [ERROR] [SUCCESS] func MngClient_Agree() MsgDecode() DecodeError [./src/keymngclientop.c] [268]
[2018.08.04 15:13:44] [DEBUG] [SUCCESS] func MngClient_Agree() end  [./src/keymngclientop.c] [280]
[2018.08.04 15:13:44] [WARNING] [ERRNO is 3003] sckClient_rev() ClientsckServer_close [./src/keymngserver.c] [47]
[2018.08.04 15:18:00] [DEBUG] [SUCCESS] MngServer_InitInfo begin [./src/keymngserverop.c] [28]
[2018.08.04 15:18:00] [DEBUG] [SUCCESS] MngServer_InitInfo end [./src/keymngserverop.c] [49]
[2018.08.04 15:18:07] [ERROR] [SUCCESS] func MngClient_Agree() MsgDecode() DecodeError [./src/keymngclientop.c] [268]
[2018.08.04 15:18:07] [DEBUG] [SUCCESS] func MngClient_Agree() end  [./src/keymngclientop.c] [280]
[2018.08.04 15:18:07] [WARNING] [ERRNO is 3003] sckClient_rev() ClientsckServer_close [./src/keymngserver.c] [47]
[2018.08.04 15:18:13] [DEBUG] [SUCCESS] func MngClient_Agree() begin [./src/keymngclientop.c] [62]
[2018.08.04 15:18:13] [WARNING] [SUCCESS] MngServer_Agree() [./src/keymngserverop.c] [57]
[2018.08.04 15:18:13] [INFO] [SUCCESS] 网点密钥已经存在,已重新覆盖密钥信息 [./src/keymng_shmop.c] [89]
[2018.08.04 15:18:13] [WARNING] [SUCCESS] MngServer_Agree() END [./src/keymngserverop.c] [111]
[2018.08.04 15:18:13] [INFO] [SUCCESS] 网点密钥已经存在,已重新覆盖密钥信息 [./src/keymng_shmop.c] [89]
[2018.08.04 15:18:13] [DEBUG] [SUCCESS] func MngClient_Agree() end  [./src/keymngclientop.c] [165]
[2018.08.04 15:18:13] [WARNING] [ERRNO is 3003] sckClient_rev() ClientsckServer_close [./src/keymngserver.c] [47]
[2018.08.04 15:22:23] [DEBUG] [SUCCESS] func MngClient_Agree() begin [./src/keymngclientop.c] [62]
[2018.08.04 15:22:23] [WARNING] [SUCCESS] MngServer_Agree() [./src/keymngserverop.c] [57]
[2018.08.04 15:22:23] [INFO] [SUCCESS] 网点密钥已经存在,已重新覆盖密钥信息 [./src/keymng_shmop.c] [89]
[2018.08.04 15:22:23] [WARNING] [SUCCESS] MngServer_Agree() END [./src/keymngserverop.c] [111]
[2018.08.04 15:22:23] [INFO] [SUCCESS] 网点密钥已经存在,已重新覆盖密钥信息 [./src/keymng_shmop.c] [89]
[2018.08.04 15:22:23] [DEBUG] [SUCCESS] func MngClient_Agree() end  [./src/keymngclientop.c] [165]
[2018.08.04 15:22:23] [WARNING] [ERRNO is 3003] sckClient_rev() ClientsckServer_close [./src/keymngserver.c] [47]
[2018.08.04 15:22:23] [ERROR] [SUCCESS] func MngClient_Agree() MsgDecode() DecodeError [./src/keymngclientop.c] [268]
[2018.08.04 15:22:23] [DEBUG] [SUCCESS] func MngClient_Agree() end  [./src/keymngclientop.c] [280]
[2018.08.04 15:22:23] [WARNING] [ERRNO is 3003] sckClient_rev() ClientsckServer_close [./src/keymngserver.c] [47]
[2018.08.04 15:25:26] [DEBUG] [SUCCESS] func MngClient_Agree() begin [./src/keymngclientop.c] [62]
[2018.08.04 15:25:26] [WARNING] [SUCCESS] MngServer_Agree() [./src/keymngserverop.c] [57]
[2018.08.04 15:25:26] [INFO] [SUCCESS] 网点密钥已经存在,已重新覆盖密钥信息 [./src/keymng_shmop.c] [89]
[2018.08.04 15:25:26] [WARNING] [SUCCESS] MngServer_Agree() END [./src/keymngserverop.c] [111]
[2018.08.04 15:25:26] [INFO] [SUCCESS] 网点密钥已经存在,已重新覆盖密钥信息 [./src/keymng_shmop.c] [89]
[2018.08.04 15:25:26] [DEBUG] [SUCCESS] func MngClient_Agree() end  [./src/keymngclientop.c] [165]
[2018.08.04 15:25:26] [WARNING] [ERRNO is 3003] sckClient_rev() ClientsckServer_close [./src/keymngserver.c] [47]
[2018.08.04 15:25:27] [ERROR] [SUCCESS] func MngClient_Agree() MsgDecode() DecodeError [./src/keymngclientop.c] [268]
[2018.08.04 15:25:27] [DEBUG] [SUCCESS] func MngClient_Agree() end  [./src/keymngclientop.c] [280]
[2018.08.04 15:25:27] [WARNING] [ERRNO is 3003] sckClient_rev() ClientsckServer_close [./src/keymngserver.c] [47]
[2018.08.04 15:25:43] [ERROR] [SUCCESS] func MngClient_Agree() MsgDecode() DecodeError [./src/keymngclientop.c] [268]
[2018.08.04 15:25:43] [DEBUG] [SUCCESS] func MngClient_Agree() end  [./src/keymngclientop.c] [280]
[2018.08.04 15:25:43] [WARNING] [ERRNO is 3003] sckClient_rev() ClientsckServer_close [./src/keymngserver.c] [47]
[2018.08.04 15:26:31] [DEBUG] [SUCCESS] func MngClient_Agree() begin [./src/keymngclientop.c] [62]
[2018.08.04 15:26:31] [WARNING] [SUCCESS] MngServer_Agree() [./src/keymngserverop.c] [57]
[2018.08.04 15:26:31] [INFO] [SUCCESS] 网点密钥已经存在,已重新覆盖密钥信息 [./src/keymng_shmop.c] [89]
[2018.08.04 15:26:31] [WARNING] [SUCCESS] MngServer_Agree() END [./src/keymngserverop.c] [111]
[2018.08.04 15:26:31] [INFO] [SUCCESS] 网点密钥已经存在,已重新覆盖密钥信息 [./src/keymng_shmop.c] [89]
[2018.08.04 15:26:31] [DEBUG] [SUCCESS] func MngClient_Agree() end  [./src/keymngclientop.c] [165]
[2018.08.04 15:26:31] [WARNING] [ERRNO is 3003] sckClient_rev() ClientsckServer_close [./src/keymngserver.c] [47]
[2018.08.04 15:26:32] [ERROR] [SUCCESS] func MngClient_Agree() MsgDecode() DecodeError [./src/keymngclientop.c] [268]
[2018.08.04 15:26:32] [DEBUG] [SUCCESS] func MngClient_Agree() end  [./src/keymngclientop.c] [280]
[2018.08.04 15:26:32] [WARNING] [ERRNO is 3003] sckClient_rev() ClientsckServer_close [./src/keymngserver.c] [47]
[2018.08.04 15:26:39] [DEBUG] [SUCCESS] MngServer_InitInfo begin [./src/keymngserverop.c] [28]
[2018.08.04 15:26:39] [DEBUG] [SUCCESS] MngServer_InitInfo end [./src/keymngserverop.c] [49]
[2018.08.04 15:26:42] [DEBUG] [SUCCESS] func MngClient_Agree() begin [./src/keymngclientop.c] [62]
[2018.08.04 15:26:42] [WARNING] [SUCCESS] MngServer_Agree() [./src/keymngserverop.c] [57]
[2018.08.04 15:26:42] [INFO] [SUCCESS] 网点密钥已经存在,已重新覆盖密钥信息 [./src/keymng_shmop.c] [89]
[2018.08.04 15:26:42] [WARNING] [SUCCESS] MngServer_Agree() END [./src/keymngserverop.c] [111]
[2018.08.04 15:26:42] [INFO] [SUCCESS] 网点密钥已经存在,已重新覆盖密钥信息 [./src/keymng_shmop.c] [89]
[2018.08.04 15:26:42] [DEBUG] [SUCCESS] func MngClient_Agree() end  [./src/keymngclientop.c] [165]
[2018.08.04 15:26:42] [WARNING] [ERRNO is 3003] sckClient_rev() ClientsckServer_close [./src/keymngserver.c] [47]
[2018.08.04 15:26:45] [ERROR] [ERRNO is -1] MsgDecode() error [./src/keymngserver.c] [88]
[2018.08.04 15:26:45] [ERROR] [ERRNO is 3001] sckClient_send() Error [./src/keymngserver.c] [104]
[2018.08.04 15:26:45] [ERROR] [ERRNO is 3003] func MngClient_Agree() sckClient_rev() [./src/keymngclientop.c] [247]
[2018.08.04 15:26:45] [DEBUG] [ERRNO is 3003] func MngClient_Agree() end  [./src/keymngclientop.c] [280]
[2018.08.04 15:27:14] [DEBUG] [SUCCESS] MngServer_InitInfo begin [./src/keymngserverop.c] [28]
[2018.08.04 15:27:14] [DEBUG] [SUCCESS] MngServer_InitInfo end [./src/keymngserverop.c] [49]
[2018.08.04 15:27:16] [ERROR] [ERRNO is -1] MsgDecode() error [./src/keymngserver.c] [88]
[2018.08.04 15:27:16] [ERROR] [ERRNO is 3001] sckClient_send() Error [./src/keymngserver.c] [104]
[2018.08.04 15:27:16] [ERROR] [ERRNO is 3003] func MngClient_Agree() sckClient_rev() [./src/keymngclientop.c] [247]
[2018.08.04 15:27:16] [DEBUG] [ERRNO is 3003] func MngClient_Agree() end  [./src/keymngclientop.c] [280]
[2018.08.04 15:29:27] [DEBUG] [SUCCESS] MngServer_InitInfo begin [./src/keymngserverop.c] [28]
[2018.08.04 15:29:27] [DEBUG] [SUCCESS] MngServer_InitInfo end [./src/keymngserverop.c] [49]
[2018.08.04 15:29:28] [DEBUG] [SUCCESS] func MngClient_Agree() begin [./src/keymngclientop.c] [62]
[2018.08.04 15:29:28] [WARNING] [SUCCESS] MngServer_Agree() [./src/keymngserverop.c] [57]
[2018.08.04 15:29:28] [INFO] [SUCCESS] 插入新的网点信息 [./src/keymng_shmop.c] [102]
[2018.08.04 15:29:28] [WARNING] [SUCCESS] MngServer_Agree() END [./src/keymngserverop.c] [111]
[2018.08.04 15:29:28] [ERROR] [SUCCESS] 网点信息已满 [./src/keymng_shmop.c] [108]
[2018.08.04 15:29:28] [DEBUG] [SUCCESS] func MngClient_Agree() end  [./src/keymngclientop.c] [165]
[2018.08.04 15:29:28] [WARNING] [ERRNO is 3003] sckClient_rev() ClientsckServer_close [./src/keymngserver.c] [47]
[2018.08.04 15:29:32] [ERROR] [ERRNO is -1] func KeyMng_ShmRead() [./src/keymngclientop.c] [200]
[2018.08.04 15:29:32] [DEBUG] [ERRNO is -1] func MngClient_Agree() end  [./src/keymngclientop.c] [280]
[2018.08.04 15:29:42] [ERROR] [ERRNO is -1] func KeyMng_ShmRead() [./src/keymngclientop.c] [200]
[2018.08.04 15:29:42] [DEBUG] [ERRNO is -1] func MngClient_Agree() end  [./src/keymngclientop.c] [280]
[2018.08.04 15:29:43] [ERROR] [ERRNO is -1] func KeyMng_ShmRead() [./src/keymngclientop.c] [200]
[2018.08.04 15:29:43] [DEBUG] [ERRNO is -1] func MngClient_Agree() end  [./src/keymngclientop.c] [280]
[2018.08.04 15:29:43] [ERROR] [ERRNO is -1] func KeyMng_ShmRead() [./src/keymngclientop.c] [200]
[2018.08.04 15:29:43] [DEBUG] [ERRNO is -1] func MngClient_Agree() end  [./src/keymngclientop.c] [280]
[2018.08.04 15:29:46] [ERROR] [ERRNO is -1] func KeyMng_ShmRead() [./src/keymngclientop.c] [200]
[2018.08.04 15:29:46] [DEBUG] [ERRNO is -1] func MngClient_Agree() end  [./src/keymngclientop.c] [280]
[2018.08.04 15:29:50] [DEBUG] [SUCCESS] MngServer_InitInfo begin [./src/keymngserverop.c] [28]
[2018.08.04 15:29:50] [DEBUG] [SUCCESS] MngServer_InitInfo end [./src/keymngserverop.c] [49]
[2018.08.04 15:29:52] [ERROR] [ERRNO is -1] func KeyMng_ShmRead() [./src/keymngclientop.c] [200]
[2018.08.04 15:29:52] [DEBUG] [ERRNO is -1] func MngClient_Agree() end  [./src/keymngclientop.c] [280]
[2018.08.04 15:29:57] [DEBUG] [SUCCESS] func MngClient_Agree() begin [./src/keymngclientop.c] [62]
[2018.08.04 15:29:57] [WARNING] [SUCCESS] MngServer_Agree() [./src/keymngserverop.c] [57]
[2018.08.04 15:29:57] [INFO] [SUCCESS] 网点密钥已经存在,已重新覆盖密钥信息 [./src/keymng_shmop.c] [89]
[2018.08.04 15:29:57] [WARNING] [SUCCESS] MngServer_Agree() END [./src/keymngserverop.c] [111]
[2018.08.04 15:29:57] [ERROR] [SUCCESS] 网点信息已满 [./src/keymng_shmop.c] [108]
[2018.08.04 15:29:57] [DEBUG] [SUCCESS] func MngClient_Agree() end  [./src/keymngclientop.c] [165]
[2018.08.04 15:29:57] [WARNING] [ERRNO is 3003] sckClient_rev() ClientsckServer_close [./src/keymngserver.c] [47]
[2018.08.04 15:29:59] [ERROR] [ERRNO is -1] func KeyMng_ShmRead() [./src/keymngclientop.c] [200]
[2018.08.04 15:29:59] [DEBUG] [ERRNO is -1] func MngClient_Agree() end  [./src/keymngclientop.c] [280]
[2018.08.04 15:31:29] [DEBUG] [SUCCESS] MngServer_InitInfo begin [./src/keymngserverop.c] [28]
[2018.08.04 15:31:29] [DEBUG] [SUCCESS] MngServer_InitInfo end [./src/keymngserverop.c] [49]
[2018.08.04 15:31:34] [ERROR] [ERRNO is -1] func KeyMng_ShmRead() [./src/keymngclientop.c] [200]
[2018.08.04 15:31:34] [DEBUG] [ERRNO is -1] func MngClient_Agree() end  [./src/keymngclientop.c] [280]
[2018.08.04 15:31:37] [ERROR] [ERRNO is -1] func KeyMng_ShmRead() [./src/keymngclientop.c] [200]
[2018.08.04 15:31:37] [DEBUG] [ERRNO is -1] func MngClient_Agree() end  [./src/keymngclientop.c] [280]
[2018.08.04 15:37:45] [DEBUG] [SUCCESS] func MngClient_Agree() begin [./src/keymngclientop.c] [62]
[2018.08.04 15:37:45] [WARNING] [SUCCESS] MngServer_Agree() [./src/keymngserverop.c] [57]
[2018.08.04 15:37:45] [INFO] [SUCCESS] 网点密钥已经存在,已重新覆盖密钥信息 [./src/keymng_shmop.c] [89]
[2018.08.04 15:37:45] [WARNING] [SUCCESS] MngServer_Agree() END [./src/keymngserverop.c] [111]
[2018.08.04 15:37:45] [ERROR] [SUCCESS] 网点信息已满 [./src/keymng_shmop.c] [108]
[2018.08.04 15:37:45] [DEBUG] [SUCCESS] func MngClient_Agree() end  [./src/keymngclientop.c] [165]
[2018.08.04 15:37:45] [WARNING] [ERRNO is 3003] sckClient_rev() ClientsckServer_close [./src/keymngserver.c] [47]
[2018.08.04 15:37:47] [ERROR] [ERRNO is -1] func KeyMng_ShmRead() [./src/keymngclientop.c] [200]
[2018.08.04 15:37:47] [DEBUG] [ERRNO is -1] func MngClient_Agree() end  [./src/keymngclientop.c] [280]
[2018.08.04 15:39:23] [DEBUG] [SUCCESS] MngServer_InitInfo begin [./src/keymngserverop.c] [28]
[2018.08.04 15:39:23] [DEBUG] [SUCCESS] MngServer_InitInfo end [./src/keymngserverop.c] [49]
[2018.08.04 15:39:32] [DEBUG] [SUCCESS] MngServer_InitInfo begin [./src/keymngserverop.c] [28]
[2018.08.04 15:39:32] [DEBUG] [SUCCESS] MngServer_InitInfo end [./src/keymngserverop.c] [49]
[2018.08.04 15:39:35] [DEBUG] [SUCCESS] func MngClient_Agree() begin [./src/keymngclientop.c] [62]
[2018.08.04 15:39:35] [WARNING] [SUCCESS] MngServer_Agree() [./src/keymngserverop.c] [57]
[2018.08.04 15:39:35] [INFO] [SUCCESS] 网点密钥已经存在,已重新覆盖密钥信息 [./src/keymng_shmop.c] [89]
[2018.08.04 15:39:35] [WARNING] [SUCCESS] MngServer_Agree() END [./src/keymngserverop.c] [111]
[2018.08.04 15:39:35] [ERROR] [SUCCESS] 网点信息已满 [./src/keymng_shmop.c] [108]
[2018.08.04 15:39:35] [DEBUG] [SUCCESS] func MngClient_Agree() end  [./src/keymngclientop.c] [166]
[2018.08.04 15:39:35] [WARNING] [ERRNO is 3003] sckClient_rev() ClientsckServer_close [./src/keymngserver.c] [47]
[2018.08.04 15:39:43] [ERROR] [ERRNO is -1] func KeyMng_ShmRead() [./src/keymngclientop.c] [201]
[2018.08.04 15:39:43] [DEBUG] [ERRNO is -1] func MngClient_Agree() end  [./src/keymngclientop.c] [281]
[2018.08.04 15:39:47] [DEBUG] [SUCCESS] func MngClient_Agree() begin [./src/keymngclientop.c] [62]
[2018.08.04 15:39:47] [WARNING] [SUCCESS] MngServer_Agree() [./src/keymngserverop.c] [57]
[2018.08.04 15:39:47] [INFO] [SUCCESS] 网点密钥已经存在,已重新覆盖密钥信息 [./src/keymng_shmop.c] [89]
[2018.08.04 15:39:47] [WARNING] [SUCCESS] MngServer_Agree() END [./src/keymngserverop.c] [111]
[2018.08.04 15:39:47] [ERROR] [SUCCESS] 网点信息已满 [./src/keymng_shmop.c] [108]
[2018.08.04 15:39:47] [DEBUG] [SUCCESS] func MngClient_Agree() end  [./src/keymngclientop.c] [166]
[2018.08.04 15:39:47] [WARNING] [ERRNO is 3003] sckClient_rev() ClientsckServer_close [./src/keymngserver.c] [47]
[2018.08.04 15:41:28] [DEBUG] [SUCCESS] MngServer_InitInfo begin [./src/keymngserverop.c] [28]
[2018.08.04 15:41:28] [DEBUG] [SUCCESS] MngServer_InitInfo end [./src/keymngserverop.c] [49]
[2018.08.04 15:41:33] [DEBUG] [SUCCESS] func MngClient_Agree() begin [./src/keymngclientop.c] [62]
[2018.08.04 15:41:33] [WARNING] [SUCCESS] MngServer_Agree() [./src/keymngserverop.c] [57]
[2018.08.04 15:41:33] [INFO] [SUCCESS] 网点密钥已经存在,已重新覆盖密钥信息 [./src/keymng_shmop.c] [89]
[2018.08.04 15:41:33] [WARNING] [SUCCESS] MngServer_Agree() END [./src/keymngserverop.c] [111]
[2018.08.04 15:41:33] [ERROR] [SUCCESS] 网点信息已满 [./src/keymng_shmop.c] [108]
[2018.08.04 15:41:33] [DEBUG] [SUCCESS] func MngClient_Agree() end  [./src/keymngclientop.c] [166]
[2018.08.04 15:41:33] [WARNING] [ERRNO is 3003] sckClient_rev() ClientsckServer_close [./src/keymngserver.c] [47]
[2018.08.04 15:41:36] [ERROR] [ERRNO is -1] func KeyMng_ShmRead() [./src/keymngclientop.c] [201]
[2018.08.04 15:41:36] [DEBUG] [ERRNO is -1] func MngClient_Agree() end  [./src/keymngclientop.c] [282]
[2018.08.04 15:41:41] [ERROR] [ERRNO is -1] func KeyMng_ShmRead() [./src/keymngclientop.c] [201]
[2018.08.04 15:41:41] [DEBUG] [ERRNO is -1] func MngClient_Agree() end  [./src/keymngclientop.c] [282]
[2018.08.04 15:41:55] [ERROR] [ERRNO is -1] func KeyMng_ShmRead() [./src/keymngclientop.c] [201]
[2018.08.04 15:41:55] [DEBUG] [ERRNO is -1] func MngClient_Agree() end  [./src/keymngclientop.c] [282]
[2018.08.04 15:42:14] [ERROR] [ERRNO is -1] func KeyMng_ShmRead() [./src/keymngclientop.c] [202]
[2018.08.04 15:42:14] [DEBUG] [ERRNO is -1] func MngClient_Agree() end  [./src/keymngclientop.c] [282]
[2018.08.04 15:42:28] [ERROR] [ERRNO is -1] func KeyMng_ShmRead() [./src/keymngclientop.c] [202]
[2018.08.04 15:42:28] [DEBUG] [ERRNO is -1] func MngClient_Agree() end  [./src/keymngclientop.c] [282]
[2018.08.04 15:42:36] [ERROR] [ERRNO is -1] func KeyMng_ShmRead() [./src/keymngclientop.c] [201]
[2018.08.04 15:42:36] [DEBUG] [ERRNO is -1] func MngClient_Agree() end  [./src/keymngclientop.c] [283]
[2018.08.04 15:43:39] [ERROR] [ERRNO is -1] func KeyMng_ShmRead() [./src/keymngclientop.c] [202]
[2018.08.04 15:43:39] [DEBUG] [ERRNO is -1] func MngClient_Agree() end  [./src/keymngclientop.c] [283]
[2018.08.04 15:45:09] [ERROR] [ERRNO is -1] func KeyMng_ShmRead() [./src/keymngclientop.c] [202]
[2018.08.04 15:45:09] [DEBUG] [ERRNO is -1] func MngClient_Agree() end  [./src/keymngclientop.c] [283]
[2018.08.04 15:45:20] [DEBUG] [SUCCESS] func MngClient_Agree() begin [./src/keymngclientop.c] [62]
[2018.08.04 15:45:20] [WARNING] [SUCCESS] MngServer_Agree() [./src/keymngserverop.c] [57]
[2018.08.04 15:45:20] [INFO] [SUCCESS] 网点密钥已经存在,已重新覆盖密钥信息 [./src/keymng_shmop.c] [89]
[2018.08.04 15:45:20] [WARNING] [SUCCESS] MngServer_Agree() END [./src/keymngserverop.c] [111]
[2018.08.04 15:45:20] [ERROR] [SUCCESS] 网点信息已满 [./src/keymng_shmop.c] [108]
[2018.08.04 15:45:20] [DEBUG] [SUCCESS] func MngClient_Agree() end  [./src/keymngclientop.c] [166]
[2018.08.04 15:45:20] [WARNING] [ERRNO is 3003] sckClient_rev() ClientsckServer_close [./src/keymngserver.c] [47]
[2018.08.04 15:45:21] [ERROR] [ERRNO is -1] func KeyMng_ShmRead() [./src/keymngclientop.c] [202]
[2018.08.04 15:45:21] [DEBUG] [ERRNO is -1] func MngClient_Agree() end  [./src/keymngclientop.c] [283]
[2018.08.04 15:46:13] [DEBUG] [SUCCESS] func MngClient_Agree() begin [./src/keymngclientop.c] [62]
[2018.08.04 15:46:13] [WARNING] [SUCCESS] MngServer_Agree() [./src/keymngserverop.c] [57]
[2018.08.04 15:46:13] [INFO] [SUCCESS] 网点密钥已经存在,已重新覆盖密钥信息 [./src/keymng_shmop.c] [89]
[2018.08.04 15:46:13] [WARNING] [SUCCESS] MngServer_Agree() END [./src/keymngserverop.c] [111]
[2018.08.04 15:46:13] [ERROR] [SUCCESS] 网点信息已满 [./src/keymng_shmop.c] [108]
[2018.08.04 15:46:13] [DEBUG] [SUCCESS] func MngClient_Agree() end  [./src/keymngclientop.c] [166]
[2018.08.04 15:46:13] [WARNING] [ERRNO is 3003] sckClient_rev() ClientsckServer_close [./src/keymngserver.c] [47]
[2018.08.04 15:46:17] [DEBUG] [SUCCESS] MngServer_InitInfo begin [./src/keymngserverop.c] [28]
[2018.08.04 15:46:17] [DEBUG] [SUCCESS] MngServer_InitInfo end [./src/keymngserverop.c] [49]
[2018.08.04 15:46:18] [DEBUG] [SUCCESS] func MngClient_Agree() begin [./src/keymngclientop.c] [62]
[2018.08.04 15:46:18] [WARNING] [SUCCESS] MngServer_Agree() [./src/keymngserverop.c] [57]
[2018.08.04 15:46:18] [INFO] [SUCCESS] 网点密钥已经存在,已重新覆盖密钥信息 [./src/keymng_shmop.c] [89]
[2018.08.04 15:46:18] [WARNING] [SUCCESS] MngServer_Agree() END [./src/keymngserverop.c] [111]
[2018.08.04 15:46:18] [ERROR] [SUCCESS] 网点信息已满 [./src/keymng_shmop.c] [108]
[2018.08.04 15:46:18] [DEBUG] [SUCCESS] func MngClient_Agree() end  [./src/keymngclientop.c] [166]
[2018.08.04 15:46:18] [WARNING] [ERRNO is 3003] sckClient_rev() ClientsckServer_close [./src/keymngserver.c] [47]
[2018.08.04 15:46:23] [DEBUG] [SUCCESS] func MngClient_Agree() begin [./src/keymngclientop.c] [62]
[2018.08.04 15:46:23] [WARNING] [SUCCESS] MngServer_Agree() [./src/keymngserverop.c] [57]
[2018.08.04 15:46:23] [INFO] [SUCCESS] 网点密钥已经存在,已重新覆盖密钥信息 [./src/keymng_shmop.c] [89]
[2018.08.04 15:46:23] [WARNING] [SUCCESS] MngServer_Agree() END [./src/keymngserverop.c] [111]
[2018.08.04 15:46:23] [ERROR] [SUCCESS] 网点信息已满 [./src/keymng_shmop.c] [108]
[2018.08.04 15:46:23] [DEBUG] [SUCCESS] func MngClient_Agree() end  [./src/keymngclientop.c] [166]
[2018.08.04 15:46:23] [WARNING] [ERRNO is 3003] sckClient_rev() ClientsckServer_close [./src/keymngserver.c] [47]
[2018.08.04 15:46:44] [DEBUG] [SUCCESS] MngServer_InitInfo begin [./src/keymngserverop.c] [28]
[2018.08.04 15:46:44] [DEBUG] [SUCCESS] MngServer_InitInfo end [./src/keymngserverop.c] [49]
[2018.08.04 15:46:45] [DEBUG] [SUCCESS] func MngClient_Agree() begin [./src/keymngclientop.c] [62]
[2018.08.04 15:46:45] [WARNING] [SUCCESS] MngServer_Agree() [./src/keymngserverop.c] [57]
[2018.08.04 15:46:45] [INFO] [SUCCESS] 网点密钥已经存在,已重新覆盖密钥信息 [./src/keymng_shmop.c] [90]
[2018.08.04 15:46:45] [WARNING] [SUCCESS] MngServer_Agree() END [./src/keymngserverop.c] [111]
[2018.08.04 15:46:45] [ERROR] [SUCCESS] 网点信息已满 [./src/keymng_shmop.c] [110]
[2018.08.04 15:46:45] [DEBUG] [SUCCESS] func MngClient_Agree() end  [./src/keymngclientop.c] [166]
[2018.08.04 15:46:45] [WARNING] [ERRNO is 3003] sckClient_rev() ClientsckServer_close [./src/keymngserver.c] [47]
[2018.08.04 15:46:59] [ERROR] [ERRNO is -1] func KeyMng_ShmRead() [./src/keymngclientop.c] [202]
[2018.08.04 15:46:59] [DEBUG] [ERRNO is -1] func MngClient_Agree() end  [./src/keymngclientop.c] [283]
[2018.08.04 15:48:45] [DEBUG] [SUCCESS] MngServer_InitInfo begin [./src/keymngserverop.c] [28]
[2018.08.04 15:48:45] [DEBUG] [SUCCESS] MngServer_InitInfo end [./src/keymngserverop.c] [49]
[2018.08.04 15:48:46] [DEBUG] [SUCCESS] func MngClient_Agree() begin [./src/keymngclientop.c] [62]
[2018.08.04 15:48:46] [WARNING] [SUCCESS] MngServer_Agree() [./src/keymngserverop.c] [57]
[2018.08.04 15:48:46] [INFO] [SUCCESS] 网点密钥已经存在,已重新覆盖密钥信息 [./src/keymng_shmop.c] [90]
[2018.08.04 15:48:46] [WARNING] [SUCCESS] MngServer_Agree() END [./src/keymngserverop.c] [111]
[2018.08.04 15:48:46] [ERROR] [SUCCESS] 网点信息已满 [./src/keymng_shmop.c] [110]
[2018.08.04 15:48:46] [DEBUG] [SUCCESS] func MngClient_Agree() end  [./src/keymngclientop.c] [166]
[2018.08.04 15:48:46] [WARNING] [ERRNO is 3003] sckClient_rev() ClientsckServer_close [./src/keymngserver.c] [47]
[2018.08.04 15:48:52] [ERROR] [ERRNO is -1] func KeyMng_ShmRead() [./src/keymngclientop.c] [202]
[2018.08.04 15:48:52] [DEBUG] [ERRNO is -1] func MngClient_Agree() end  [./src/keymngclientop.c] [283]
[2018.08.04 15:50:36] [DEBUG] [SUCCESS] func MngClient_Agree() begin [./src/keymngclientop.c] [62]
[2018.08.04 15:50:36] [WARNING] [SUCCESS] MngServer_Agree() [./src/keymngserverop.c] [57]
[2018.08.04 15:50:36] [INFO] [SUCCESS] 网点密钥已经存在,已重新覆盖密钥信息 [./src/keymng_shmop.c] [90]
[2018.08.04 15:50:36] [WARNING] [SUCCESS] MngServer_Agree() END [./src/keymngserverop.c] [111]
[2018.08.04 15:50:36] [ERROR] [SUCCESS] 网点信息已满 [./src/keymng_shmop.c] [110]
[2018.08.04 15:50:36] [DEBUG] [SUCCESS] func MngClient_Agree() end  [./src/keymngclientop.c] [166]
[2018.08.04 15:50:36] [WARNING] [ERRNO is 3003] sckClient_rev() ClientsckServer_close [./src/keymngserver.c] [47]
[2018.08.04 15:50:55] [ERROR] [ERRNO is -1] func KeyMng_ShmRead() [./src/keymngclientop.c] [202]
[2018.08.04 15:50:55] [DEBUG] [ERRNO is -1] func MngClient_Agree() end  [./src/keymngclientop.c] [283]
[2018.08.04 15:50:57] [DEBUG] [SUCCESS] func MngClient_Agree() begin [./src/keymngclientop.c] [62]
[2018.08.04 15:50:57] [WARNING] [SUCCESS] MngServer_Agree() [./src/keymngserverop.c] [57]
[2018.08.04 15:50:57] [INFO] [SUCCESS] 网点密钥已经存在,已重新覆盖密钥信息 [./src/keymng_shmop.c] [90]
[2018.08.04 15:50:57] [WARNING] [SUCCESS] MngServer_Agree() END [./src/keymngserverop.c] [111]
[2018.08.04 15:50:57] [ERROR] [SUCCESS] 网点信息已满 [./src/keymng_shmop.c] [110]
[2018.08.04 15:50:57] [DEBUG] [SUCCESS] func MngClient_Agree() end  [./src/keymngclientop.c] [166]
[2018.08.04 15:50:57] [WARNING] [ERRNO is 3003] sckClient_rev() ClientsckServer_close [./src/keymngserver.c] [47]
[2018.08.04 15:53:01] [ERROR] [ERRNO is -1] func KeyMng_ShmRead() [./src/keymngclientop.c] [202]
[2018.08.04 15:53:01] [DEBUG] [ERRNO is -1] func MngClient_Agree() end  [./src/keymngclientop.c] [283]
[2018.08.04 15:53:15] [DEBUG] [SUCCESS] func MngClient_Agree() begin [./src/keymngclientop.c] [62]
[2018.08.04 15:53:15] [WARNING] [SUCCESS] MngServer_Agree() [./src/keymngserverop.c] [57]
[2018.08.04 15:53:15] [INFO] [SUCCESS] 网点密钥已经存在,已重新覆盖密钥信息 [./src/keymng_shmop.c] [90]
[2018.08.04 15:53:15] [WARNING] [SUCCESS] MngServer_Agree() END [./src/keymngserverop.c] [111]
[2018.08.04 15:53:15] [ERROR] [SUCCESS] 网点信息已满 [./src/keymng_shmop.c] [110]
[2018.08.04 15:53:15] [DEBUG] [SUCCESS] func MngClient_Agree() end  [./src/keymngclientop.c] [166]
[2018.08.04 15:53:15] [WARNING] [ERRNO is 3003] sckClient_rev() ClientsckServer_close [./src/keymngserver.c] [47]
[2018.08.04 15:54:38] [ERROR] [ERRNO is -1] func KeyMng_ShmRead() [./src/keymngclientop.c] [204]
[2018.08.04 15:54:38] [DEBUG] [ERRNO is -1] func MngClient_Agree() end  [./src/keymngclientop.c] [285]
[2018.08.04 15:54:39] [DEBUG] [SUCCESS] func MngClient_Agree() begin [./src/keymngclientop.c] [64]
[2018.08.04 15:54:39] [WARNING] [SUCCESS] MngServer_Agree() [./src/keymngserverop.c] [57]
[2018.08.04 15:54:39] [INFO] [SUCCESS] 网点密钥已经存在,已重新覆盖密钥信息 [./src/keymng_shmop.c] [90]
[2018.08.04 15:54:39] [WARNING] [SUCCESS] MngServer_Agree() END [./src/keymngserverop.c] [111]
[2018.08.04 15:54:39] [INFO] [SUCCESS] 插入新的网点信息 [./src/keymng_shmop.c] [104]
[2018.08.04 15:54:39] [DEBUG] [SUCCESS] func MngClient_Agree() end  [./src/keymngclientop.c] [168]
[2018.08.04 15:54:39] [WARNING] [ERRNO is 3003] sckClient_rev() ClientsckServer_close [./src/keymngserver.c] [47]
[2018.08.04 15:54:46] [DEBUG] [SUCCESS] func MngClient_Agree() begin [./src/keymngclientop.c] [64]
[2018.08.04 15:54:46] [WARNING] [SUCCESS] MngServer_Agree() [./src/keymngserverop.c] [57]
[2018.08.04 15:54:46] [INFO] [SUCCESS] 网点密钥已经存在,已重新覆盖密钥信息 [./src/keymng_shmop.c] [90]
[2018.08.04 15:54:46] [WARNING] [SUCCESS] MngServer_Agree() END [./src/keymngserverop.c] [111]
[2018.08.04 15:54:46] [INFO] [SUCCESS] 网点密钥已经存在,已重新覆盖密钥信息 [./src/keymng_shmop.c] [90]
[2018.08.04 15:54:46] [DEBUG] [SUCCESS] func MngClient_Agree() end  [./src/keymngclientop.c] [168]
[2018.08.04 15:54:46] [WARNING] [ERRNO is 3003] sckClient_rev() ClientsckServer_close [./src/keymngserver.c] [47]
[2018.08.04 15:54:50] [ERROR] [SUCCESS] func MngClient_Agree() MsgDecode() DecodeError [./src/keymngclientop.c] [273]
[2018.08.04 15:54:50] [DEBUG] [SUCCESS] func MngClient_Agree() end  [./src/keymngclientop.c] [285]
[2018.08.04 15:54:50] [WARNING] [ERRNO is 3003] sckClient_rev() ClientsckServer_close [./src/keymngserver.c] [47]
[2018.08.04 15:59:51] [DEBUG] [SUCCESS] MngServer_InitInfo begin [./src/keymngserverop.c] [28]
[2018.08.04 15:59:51] [DEBUG] [SUCCESS] MngServer_InitInfo end [./src/keymngserverop.c] [49]
[2018.08.04 15:59:53] [DEBUG] [SUCCESS] func MngClient_Agree() begin [./src/keymngclientop.c] [64]
[2018.08.04 15:59:53] [WARNING] [SUCCESS] MngServer_Agree() [./src/keymngserverop.c] [57]
[2018.08.04 15:59:53] [INFO] [SUCCESS] 网点密钥已经存在,已重新覆盖密钥信息 [./src/keymng_shmop.c] [90]
[2018.08.04 15:59:53] [WARNING] [SUCCESS] MngServer_Agree() END [./src/keymngserverop.c] [111]
[2018.08.04 15:59:53] [INFO] [SUCCESS] 网点密钥已经存在,已重新覆盖密钥信息 [./src/keymng_shmop.c] [90]
[2018.08.04 15:59:53] [WARNING] [ERRNO is 3003] sckClient_rev() ClientsckServer_close [./src/keymngserver.c] [47]
[2018.08.04 15:59:53] [DEBUG] [SUCCESS] func MngClient_Agree() end  [./src/keymngclientop.c] [168]
[2018.08.04 15:59:56] [ERROR] [SUCCESS] func MngClient_Agree() MsgDecode() DecodeError [./src/keymngclientop.c] [273]
[2018.08.04 15:59:56] [DEBUG] [SUCCESS] func MngClient_Agree() end  [./src/keymngclientop.c] [285]
[2018.08.04 15:59:56] [WARNING] [ERRNO is 3003] sckClient_rev() ClientsckServer_close [./src/keymngserver.c] [47]
[2018.08.04 16:06:46] [DEBUG] [SUCCESS] MngServer_InitInfo begin [./src/keymngserverop.c] [28]
[2018.08.04 16:06:46] [DEBUG] [SUCCESS] MngServer_InitInfo end [./src/keymngserverop.c] [49]
[2018.08.04 16:06:48] [DEBUG] [SUCCESS] func MngClient_Agree() begin [./src/keymngclientop.c] [64]
[2018.08.04 16:06:48] [WARNING] [SUCCESS] MngServer_Agree() [./src/keymngserverop.c] [57]
[2018.08.04 16:06:48] [INFO] [SUCCESS] 网点密钥已经存在,已重新覆盖密钥信息 [./src/keymng_shmop.c] [90]
[2018.08.04 16:06:48] [WARNING] [SUCCESS] MngServer_Agree() END [./src/keymngserverop.c] [111]
[2018.08.04 16:06:48] [INFO] [SUCCESS] 网点密钥已经存在,已重新覆盖密钥信息 [./src/keymng_shmop.c] [90]
[2018.08.04 16:06:48] [DEBUG] [SUCCESS] func MngClient_Agree() end  [./src/keymngclientop.c] [168]
[2018.08.04 16:06:48] [WARNING] [ERRNO is 3003] sckClient_rev() ClientsckServer_close [./src/keymngserver.c] [47]
[2018.08.04 16:06:51] [ERROR] [SUCCESS] func MngClient_Agree() MsgDecode() DecodeError [./src/keymngclientop.c] [273]
[2018.08.04 16:06:51] [DEBUG] [SUCCESS] func MngClient_Agree() end  [./src/keymngclientop.c] [285]
[2018.08.04 16:06:51] [WARNING] [ERRNO is 3003] sckClient_rev() ClientsckServer_close [./src/keymngserver.c] [47]
[2018.08.04 16:07:18] [DEBUG] [SUCCESS] MngServer_InitInfo begin [./src/keymngserverop.c] [28]
[2018.08.04 16:07:18] [DEBUG] [SUCCESS] MngServer_InitInfo end [./src/keymngserverop.c] [49]
[2018.08.04 16:07:20] [ERROR] [SUCCESS] func MngClient_Agree() MsgDecode() DecodeError [./src/keymngclientop.c] [273]
[2018.08.04 16:07:20] [DEBUG] [SUCCESS] func MngClient_Agree() end  [./src/keymngclientop.c] [285]
[2018.08.04 16:07:20] [WARNING] [ERRNO is 3003] sckClient_rev() ClientsckServer_close [./src/keymngserver.c] [47]
[2018.08.04 16:10:03] [DEBUG] [SUCCESS] MngServer_InitInfo begin [./src/keymngserverop.c] [28]
[2018.08.04 16:10:03] [DEBUG] [SUCCESS] MngServer_InitInfo end [./src/keymngserverop.c] [49]
[2018.08.04 16:10:06] [DEBUG] [SUCCESS] func MngClient_Agree() begin [./src/keymngclientop.c] [64]
[2018.08.04 16:10:06] [WARNING] [SUCCESS] MngServer_Agree() [./src/keymngserverop.c] [57]
[2018.08.04 16:10:06] [INFO] [SUCCESS] 网点密钥已经存在,已重新覆盖密钥信息 [./src/keymng_shmop.c] [90]
[2018.08.04 16:10:06] [WARNING] [SUCCESS] MngServer_Agree() END [./src/keymngserverop.c] [111]
[2018.08.04 16:10:06] [INFO] [SUCCESS] 网点密钥已经存在,已重新覆盖密钥信息 [./src/keymng_shmop.c] [90]
[2018.08.04 16:10:06] [DEBUG] [SUCCESS] func MngClient_Agree() end  [./src/keymngclientop.c] [168]
[2018.08.04 16:10:06] [WARNING] [ERRNO is 3003] sckClient_rev() ClientsckServer_close [./src/keymngserver.c] [47]
[2018.08.04 16:10:07] [ERROR] [SUCCESS] func MngClient_Agree() MsgDecode() DecodeError [./src/keymngclientop.c] [274]
[2018.08.04 16:10:07] [DEBUG] [SUCCESS] func MngClient_Agree() end  [./src/keymngclientop.c] [286]
[2018.08.04 16:10:07] [WARNING] [ERRNO is 3003] sckClient_rev() ClientsckServer_close [./src/keymngserver.c] [47]
[2018.08.04 16:11:21] [ERROR] [SUCCESS] func MngClient_Agree() MsgDecode() DecodeError [./src/keymngclientop.c] [274]
[2018.08.04 16:11:21] [DEBUG] [SUCCESS] func MngClient_Agree() end  [./src/keymngclientop.c] [286]
[2018.08.04 16:11:21] [WARNING] [ERRNO is 3003] sckClient_rev() ClientsckServer_close [./src/keymngserver.c] [47]
[2018.08.04 16:11:32] [DEBUG] [SUCCESS] MngServer_InitInfo begin [./src/keymngserverop.c] [28]
[2018.08.04 16:11:32] [DEBUG] [SUCCESS] MngServer_InitInfo end [./src/keymngserverop.c] [49]
[2018.08.04 16:11:34] [DEBUG] [SUCCESS] func MngClient_Agree() begin [./src/keymngclientop.c] [64]
[2018.08.04 16:11:34] [WARNING] [SUCCESS] MngServer_Agree() [./src/keymngserverop.c] [57]
[2018.08.04 16:11:34] [INFO] [SUCCESS] 网点密钥已经存在,已重新覆盖密钥信息 [./src/keymng_shmop.c] [90]
[2018.08.04 16:11:34] [WARNING] [SUCCESS] MngServer_Agree() END [./src/keymngserverop.c] [111]
[2018.08.04 16:11:34] [INFO] [SUCCESS] 网点密钥已经存在,已重新覆盖密钥信息 [./src/keymng_shmop.c] [90]
[2018.08.04 16:11:34] [DEBUG] [SUCCESS] func MngClient_Agree() end  [./src/keymngclientop.c] [168]
[2018.08.04 16:11:34] [WARNING] [ERRNO is 3003] sckClient_rev() ClientsckServer_close [./src/keymngserver.c] [47]
[2018.08.04 16:11:35] [ERROR] [SUCCESS] func MngClient_Agree() MsgDecode() DecodeError [./src/keymngclientop.c] [274]
[2018.08.04 16:11:35] [DEBUG] [SUCCESS] func MngClient_Agree() end  [./src/keymngclientop.c] [286]
[2018.08.04 16:11:35] [WARNING] [ERRNO is 3003] sckClient_rev() ClientsckServer_close [./src/keymngserver.c] [47]
[2018.08.04 16:11:47] [ERROR] [SUCCESS] func MngClient_Agree() MsgDecode() DecodeError [./src/keymngclientop.c] [274]
[2018.08.04 16:11:47] [DEBUG] [SUCCESS] func MngClient_Agree() end  [./src/keymngclientop.c] [286]
[2018.08.04 16:11:47] [WARNING] [ERRNO is 3003] sckClient_rev() ClientsckServer_close [./src/keymngserver.c] [47]
[2018.08.04 16:13:21] [DEBUG] [SUCCESS] MngServer_InitInfo begin [./src/keymngserverop.c] [28]
[2018.08.04 16:13:21] [DEBUG] [SUCCESS] MngServer_InitInfo end [./src/keymngserverop.c] [49]
[2018.08.04 16:13:27] [DEBUG] [SUCCESS] MngServer_InitInfo begin [./src/keymngserverop.c] [28]
[2018.08.04 16:13:27] [DEBUG] [SUCCESS] MngServer_InitInfo end [./src/keymngserverop.c] [49]
[2018.08.04 16:13:31] [DEBUG] [SUCCESS] func MngClient_Agree() begin [./src/keymngclientop.c] [64]
[2018.08.04 16:13:31] [WARNING] [SUCCESS] MngServer_Agree() [./src/keymngserverop.c] [57]
[2018.08.04 16:13:31] [INFO] [SUCCESS] 网点密钥已经存在,已重新覆盖密钥信息 [./src/keymng_shmop.c] [90]
[2018.08.04 16:13:31] [WARNING] [SUCCESS] MngServer_Agree() END [./src/keymngserverop.c] [111]
[2018.08.04 16:13:31] [INFO] [SUCCESS] 网点密钥已经存在,已重新覆盖密钥信息 [./src/keymng_shmop.c] [90]
[2018.08.04 16:13:31] [DEBUG] [SUCCESS] func MngClient_Agree() end  [./src/keymngclientop.c] [168]
[2018.08.04 16:13:31] [WARNING] [ERRNO is 3003] sckClient_rev() ClientsckServer_close [./src/keymngserver.c] [47]
[2018.08.04 16:13:35] [ERROR] [SUCCESS] func MngClient_Agree() MsgDecode() DecodeError [./src/keymngclientop.c] [274]
[2018.08.04 16:13:35] [DEBUG] [SUCCESS] func MngClient_Agree() end  [./src/keymngclientop.c] [286]
[2018.08.04 16:13:35] [WARNING] [ERRNO is 3003] sckClient_rev() ClientsckServer_close [./src/keymngserver.c] [47]
[2018.08.04 16:13:47] [ERROR] [SUCCESS] func MngClient_Agree() MsgDecode() DecodeError [./src/keymngclientop.c] [274]
[2018.08.04 16:13:47] [WARNING] [ERRNO is 3003] sckClient_rev() ClientsckServer_close [./src/keymngserver.c] [47]
[2018.08.04 16:13:47] [DEBUG] [SUCCESS] func MngClient_Agree() end  [./src/keymngclientop.c] [286]
[2018.08.04 16:20:12] [DEBUG] [SUCCESS] MngServer_InitInfo begin [./src/keymngserverop.c] [28]
[2018.08.04 16:20:12] [DEBUG] [SUCCESS] MngServer_InitInfo end [./src/keymngserverop.c] [49]
[2018.08.04 16:20:15] [DEBUG] [SUCCESS] func MngClient_Agree() begin [./src/keymngclientop.c] [64]
[2018.08.04 16:20:15] [WARNING] [SUCCESS] MngServer_Agree() [./src/keymngserverop.c] [57]
[2018.08.04 16:20:15] [INFO] [SUCCESS] 网点密钥已经存在,已重新覆盖密钥信息 [./src/keymng_shmop.c] [90]
[2018.08.04 16:20:15] [WARNING] [SUCCESS] MngServer_Agree() END [./src/keymngserverop.c] [111]
[2018.08.04 16:20:15] [INFO] [SUCCESS] 网点密钥已经存在,已重新覆盖密钥信息 [./src/keymng_shmop.c] [90]
[2018.08.04 16:20:15] [DEBUG] [SUCCESS] func MngClient_Agree() end  [./src/keymngclientop.c] [168]
[2018.08.04 16:20:15] [WARNING] [ERRNO is 3003] sckClient_rev() ClientsckServer_close [./src/keymngserver.c] [47]
[2018.08.04 16:20:17] [DEBUG] [SUCCESS] func MngClient_Agree() end  [./src/keymngclientop.c] [286]
[2018.08.04 16:20:17] [WARNING] [ERRNO is 3003] sckClient_rev() ClientsckServer_close [./src/keymngserver.c] [47]
[2018.08.04 16:20:56] [DEBUG] [SUCCESS] MngServer_InitInfo begin [./src/keymngserverop.c] [28]
[2018.08.04 16:20:56] [DEBUG] [SUCCESS] MngServer_InitInfo end [./src/keymngserverop.c] [49]
[2018.08.04 16:21:33] [DEBUG] [SUCCESS] func MngClient_Agree() end  [./src/keymngclientop.c] [286]
[2018.08.04 16:21:33] [WARNING] [ERRNO is 3003] sckClient_rev() ClientsckServer_close [./src/keymngserver.c] [47]
[2018.08.04 16:23:27] [DEBUG] [SUCCESS] MngServer_InitInfo begin [./src/keymngserverop.c] [28]
[2018.08.04 16:23:27] [DEBUG] [SUCCESS] MngServer_InitInfo end [./src/keymngserverop.c] [49]
[2018.08.04 16:23:29] [DEBUG] [SUCCESS] func MngClient_Agree() begin [./src/keymngclientop.c] [64]
[2018.08.04 16:23:29] [WARNING] [SUCCESS] MngServer_Agree() [./src/keymngserverop.c] [57]
[2018.08.04 16:23:29] [INFO] [SUCCESS] 网点密钥已经存在,已重新覆盖密钥信息 [./src/keymng_shmop.c] [90]
[2018.08.04 16:23:29] [WARNING] [SUCCESS] MngServer_Agree() END [./src/keymngserverop.c] [111]
[2018.08.04 16:23:29] [INFO] [SUCCESS] 网点密钥已经存在,已重新覆盖密钥信息 [./src/keymng_shmop.c] [90]
[2018.08.04 16:23:29] [DEBUG] [SUCCESS] func MngClient_Agree() end  [./src/keymngclientop.c] [168]
[2018.08.04 16:23:29] [WARNING] [ERRNO is 3003] sckClient_rev() ClientsckServer_close [./src/keymngserver.c] [47]
[2018.08.04 16:23:32] [DEBUG] [SUCCESS] func MngClient_Agree() end  [./src/keymngclientop.c] [286]
[2018.08.04 16:23:32] [WARNING] [ERRNO is 3003] sckClient_rev() ClientsckServer_close [./src/keymngserver.c] [47]
[2018.08.04 16:25:53] [DEBUG] [SUCCESS] MngServer_InitInfo begin [./src/keymngserverop.c] [28]
[2018.08.04 16:25:53] [DEBUG] [SUCCESS] MngServer_InitInfo end [./src/keymngserverop.c] [49]
[2018.08.04 16:25:54] [DEBUG] [SUCCESS] func MngClient_Agree() end  [./src/keymngclientop.c] [286]
[2018.08.04 16:25:54] [WARNING] [ERRNO is 3003] sckClient_rev() ClientsckServer_close [./src/keymngserver.c] [47]
[2018.08.04 16:28:18] [DEBUG] [SUCCESS] MngServer_InitInfo begin [./src/keymngserverop.c] [28]
[2018.08.04 16:28:18] [DEBUG] [SUCCESS] MngServer_InitInfo end [./src/keymngserverop.c] [49]
[2018.08.04 16:28:28] [DEBUG] [SUCCESS] func MngClient_Agree() end  [./src/keymngclientop.c] [286]
[2018.08.04 16:28:28] [WARNING] [ERRNO is 3003] sckClient_rev() ClientsckServer_close [./src/keymngserver.c] [47]
[2018.08.04 16:28:49] [DEBUG] [SUCCESS] MngServer_InitInfo begin [./src/keymngserverop.c] [28]
[2018.08.04 16:28:49] [DEBUG] [SUCCESS] MngServer_InitInfo end [./src/keymngserverop.c] [49]
[2018.08.04 16:28:52] [DEBUG] [SUCCESS] MngServer_InitInfo begin [./src/keymngserverop.c] [28]
[2018.08.04 16:28:52] [DEBUG] [SUCCESS] MngServer_InitInfo end [./src/keymngserverop.c] [49]
[2018.08.04 16:29:03] [DEBUG] [SUCCESS] func MngClient_Agree() end  [./src/keymngclientop.c] [286]
[2018.08.04 16:29:03] [WARNING] [ERRNO is 3003] sckClient_rev() ClientsckServer_close [./src/keymngserver.c] [47]
[2018.08.05 08:17:15] [DEBUG] [SUCCESS] MngServer_InitInfo begin [./src/keymngserverop.c] [28]
[2018.08.05 08:17:15] [DEBUG] [SUCCESS] MngServer_InitInfo end [./src/keymngserverop.c] [49]
[2018.08.05 08:17:42] [DEBUG] [SUCCESS] func MngClient_Agree() begin [./src/keymngclientop.c] [64]
[2018.08.05 08:17:42] [WARNING] [SUCCESS] MngServer_Agree() [./src/keymngserverop.c] [57]
[2018.08.05 08:17:42] [INFO] [SUCCESS] 插入新的网点信息 [./src/keymng_shmop.c] [104]
[2018.08.05 08:17:42] [WARNING] [SUCCESS] MngServer_Agree() END [./src/keymngserverop.c] [111]
[2018.08.05 08:17:42] [INFO] [SUCCESS] 插入新的网点信息 [./src/keymng_shmop.c] [104]
[2018.08.05 08:17:42] [DEBUG] [SUCCESS] func MngClient_Agree() end  [./src/keymngclientop.c] [168]
[2018.08.05 08:17:42] [WARNING] [ERRNO is 3003] sckClient_rev() ClientsckServer_close [./src/keymngserver.c] [47]
[2018.08.05 08:17:54] [DEBUG] [SUCCESS] func MngClient_Agree() end  [./src/keymngclientop.c] [286]
[2018.08.05 08:17:54] [WARNING] [ERRNO is 3003] sckClient_rev() ClientsckServer_close [./src/keymngserver.c] [47]
[2018.08.05 08:18:02] [DEBUG] [SUCCESS] func MngClient_Agree() begin [./src/keymngclientop.c] [64]
[2018.08.05 08:18:02] [WARNING] [SUCCESS] MngServer_Agree() [./src/keymngserverop.c] [57]
[2018.08.05 08:18:02] [INFO] [SUCCESS] 网点密钥已经存在,已重新覆盖密钥信息 [./src/keymng_shmop.c] [90]
[2018.08.05 08:18:02] [WARNING] [SUCCESS] MngServer_Agree() END [./src/keymngserverop.c] [111]
[2018.08.05 08:18:02] [INFO] [SUCCESS] 网点密钥已经存在,已重新覆盖密钥信息 [./src/keymng_shmop.c] [90]
[2018.08.05 08:18:02] [DEBUG] [SUCCESS] func MngClient_Agree() end  [./src/keymngclientop.c] [168]
[2018.08.05 08:18:02] [WARNING] [ERRNO is 3003] sckClient_rev() ClientsckServer_close [./src/keymngserver.c] [47]
[2018.08.05 08:18:03] [DEBUG] [SUCCESS] func MngClient_Agree() end  [./src/keymngclientop.c] [286]
[2018.08.05 08:18:03] [WARNING] [ERRNO is 3003] sckClient_rev() ClientsckServer_close [./src/keymngserver.c] [47]
[2018.08.05 08:48:05] [DEBUG] [SUCCESS] MngServer_InitInfo begin [./src/keymngserverop.c] [28]
[2018.08.05 08:48:05] [DEBUG] [SUCCESS] MngServer_InitInfo end [./src/keymngserverop.c] [49]
[2018.08.05 09:48:53] [DEBUG] [SUCCESS] MngServer_InitInfo begin [./src/keymngserverop.c] [28]
[2018.08.05 09:48:53] [DEBUG] [SUCCESS] MngServer_InitInfo end [./src/keymngserverop.c] [49]
[2018.08.05 09:49:04] [DEBUG] [SUCCESS] func MngClient_Agree() begin [./src/keymngclientop.c] [78]
[2018.08.05 09:49:04] [WARNING] [SUCCESS] MngServer_Agree() [./src/keymngserverop.c] [57]
[2018.08.05 09:49:04] [INFO] [SUCCESS] 插入新的网点信息 [./src/keymng_shmop.c] [104]
[2018.08.05 09:49:04] [WARNING] [SUCCESS] MngServer_Agree() END [./src/keymngserverop.c] [111]
[2018.08.05 09:49:04] [INFO] [SUCCESS] 插入新的网点信息 [./src/keymng_shmop.c] [104]
[2018.08.05 09:49:04] [DEBUG] [SUCCESS] func MngClient_Agree() end  [./src/keymngclientop.c] [182]
[2018.08.05 09:49:04] [WARNING] [ERRNO is 3003] sckClient_rev() ClientsckServer_close [./src/keymngserver.c] [54]
[2018.08.05 10:38:09] [DEBUG] [SUCCESS] MngServer_InitInfo begin [./src/keymngserverop.c] [28]
[2018.08.05 10:38:09] [DEBUG] [SUCCESS] MngServer_InitInfo end [./src/keymngserverop.c] [49]
[2018.08.05 10:38:15] [DEBUG] [SUCCESS] MngServer_InitInfo begin [./src/keymngserverop.c] [28]
[2018.08.05 10:38:15] [DEBUG] [SUCCESS] MngServer_InitInfo end [./src/keymngserverop.c] [49]
[2018.08.05 10:39:05] [DEBUG] [SUCCESS] MngServer_InitInfo begin [./src/keymngserverop.c] [28]
[2018.08.05 10:39:05] [DEBUG] [SUCCESS] MngServer_InitInfo end [./src/keymngserverop.c] [49]
[2018.08.05 11:01:14] [DEBUG] [SUCCESS] MngServer_InitInfo begin [./src/keymngserverop.c] [28]
[2018.08.05 11:01:14] [DEBUG] [SUCCESS] MngServer_InitInfo end [./src/keymngserverop.c] [49]
[2018.08.05 11:23:37] [INFO] [ERRNO is 3002] ServerStop() [./src/keymngserver.c] [189]
